This is pdfTeX, Version 3.14159265-2.6-1.40.15 (TeX Live 2015/dev/Debian) (preloaded format=pdflatex 2015.7.2)  13 OCT 2015 13:46
entering extended mode
 restricted \write18 enabled.
 %&-line parsing enabled.
**report.tex
(./report.tex
LaTeX2e <2014/05/01>
Babel <3.9l> and hyphenation patterns for 79 languages loaded.
(/usr/share/texlive/texmf-dist/tex/latex/beamer/beamer.cls
(/usr/share/texlive/texmf-dist/tex/latex/beamer/beamerbasercs.sty
Package: beamerbasercs 2013/12/25 (rcs-revision 31cc758a62ae)
)
Document Class: beamer 2013/12/02 3.33 A class for typesetting presentations (r
cs-revision 332bfd3ce558)
(/usr/share/texlive/texmf-dist/tex/latex/beamer/beamerbasemodes.sty
Package: beamerbasemodes 2013/09/03 (rcs-revision 768f2d98ca64)
\beamer@tempbox=\box26
\beamer@tempcount=\count79
\c@beamerpauses=\count80

(/usr/share/texlive/texmf-dist/tex/latex/beamer/beamerbasedecode.sty
Package: beamerbasedecode 2010/05/01 (rcs-revision efa082c6111d)
\beamer@slideinframe=\count81
\beamer@minimum=\count82
)
\beamer@commentbox=\box27
\beamer@modecount=\count83
)
(/usr/share/texlive/texmf-dist/tex/generic/oberdiek/ifpdf.sty
Package: ifpdf 2011/01/30 v2.3 Provides the ifpdf switch (HO)
Package ifpdf Info: pdfTeX in PDF mode is detected.
)
\headheight=\dimen102
\headdp=\dimen103
\footheight=\dimen104
\sidebarheight=\dimen105
\beamer@tempdim=\dimen106
\beamer@finalheight=\dimen107
\beamer@animht=\dimen108
\beamer@animdp=\dimen109
\beamer@animwd=\dimen110
\beamer@leftmargin=\dimen111
\beamer@rightmargin=\dimen112
\beamer@leftsidebar=\dimen113
\beamer@rightsidebar=\dimen114
\beamer@boxsize=\dimen115
\beamer@vboxoffset=\dimen116
\beamer@descdefault=\dimen117
\beamer@descriptionwidth=\dimen118
\beamer@lastskip=\skip41
\beamer@areabox=\box28
\beamer@animcurrent=\box29
\beamer@animshowbox=\box30
\beamer@sectionbox=\box31
\beamer@logobox=\box32
\beamer@linebox=\box33
\beamer@sectioncount=\count84
\beamer@subsubsectionmax=\count85
\beamer@subsectionmax=\count86
\beamer@sectionmax=\count87
\beamer@totalheads=\count88
\beamer@headcounter=\count89
\beamer@partstartpage=\count90
\beamer@sectionstartpage=\count91
\beamer@subsectionstartpage=\count92
\beamer@animationtempa=\count93
\beamer@animationtempb=\count94
\beamer@xpos=\count95
\beamer@ypos=\count96
\beamer@showpartnumber=\count97
\beamer@currentsubsection=\count98
\beamer@coveringdepth=\count99
\beamer@sectionadjust=\count100
\beamer@tocsectionnumber=\count101

(/usr/share/texlive/texmf-dist/tex/latex/beamer/beamerbaseoptions.sty
Package: beamerbaseoptions 2013/03/10 (rcs-revision 47431932db0d)

(/usr/share/texlive/texmf-dist/tex/latex/graphics/keyval.sty
Package: keyval 2014/05/08 v1.15 key=value parser (DPC)
\KV@toks@=\toks14
))
\beamer@paperwidth=\skip42
\beamer@paperheight=\skip43

(/usr/share/texlive/texmf-dist/tex/latex/geometry/geometry.sty
Package: geometry 2010/09/12 v5.6 Page Geometry

(/usr/share/texlive/texmf-dist/tex/generic/oberdiek/ifvtex.sty
Package: ifvtex 2010/03/01 v1.5 Detect VTeX and its facilities (HO)
Package ifvtex Info: VTeX not detected.
)
(/usr/share/texlive/texmf-dist/tex/generic/ifxetex/ifxetex.sty
Package: ifxetex 2010/09/12 v0.6 Provides ifxetex conditional
)
\Gm@cnth=\count102
\Gm@cntv=\count103
\c@Gm@tempcnt=\count104
\Gm@bindingoffset=\dimen119
\Gm@wd@mp=\dimen120
\Gm@odd@mp=\dimen121
\Gm@even@mp=\dimen122
\Gm@layoutwidth=\dimen123
\Gm@layoutheight=\dimen124
\Gm@layouthoffset=\dimen125
\Gm@layoutvoffset=\dimen126
\Gm@dimlist=\toks15
)
(/usr/share/texlive/texmf-dist/tex/latex/base/size11.clo
File: size11.clo 2014/09/29 v1.4h Standard LaTeX file (size option)
)
(/usr/share/texlive/texmf-dist/tex/latex/pgf/basiclayer/pgfcore.sty
(/usr/share/texlive/texmf-dist/tex/latex/graphics/graphicx.sty
Package: graphicx 2014/04/25 v1.0g Enhanced LaTeX Graphics (DPC,SPQR)

(/usr/share/texlive/texmf-dist/tex/latex/graphics/graphics.sty
Package: graphics 2009/02/05 v1.0o Standard LaTeX Graphics (DPC,SPQR)

(/usr/share/texlive/texmf-dist/tex/latex/graphics/trig.sty
Package: trig 1999/03/16 v1.09 sin cos tan (DPC)
)
(/usr/share/texlive/texmf-dist/tex/latex/latexconfig/graphics.cfg
File: graphics.cfg 2010/04/23 v1.9 graphics configuration of TeX Live
)
Package graphics Info: Driver file: pdftex.def on input line 91.

(/usr/share/texlive/texmf-dist/tex/latex/pdftex-def/pdftex.def
File: pdftex.def 2011/05/27 v0.06d Graphics/color for pdfTeX

(/usr/share/texlive/texmf-dist/tex/generic/oberdiek/infwarerr.sty
Package: infwarerr 2010/04/08 v1.3 Providing info/warning/error messages (HO)
)
(/usr/share/texlive/texmf-dist/tex/generic/oberdiek/ltxcmds.sty
Package: ltxcmds 2011/11/09 v1.22 LaTeX kernel commands for general use (HO)
)
\Gread@gobject=\count105
))
\Gin@req@height=\dimen127
\Gin@req@width=\dimen128
)
(/usr/share/texlive/texmf-dist/tex/latex/pgf/systemlayer/pgfsys.sty
(/usr/share/texlive/texmf-dist/tex/latex/pgf/utilities/pgfrcs.sty
(/usr/share/texlive/texmf-dist/tex/generic/pgf/utilities/pgfutil-common.tex
\pgfutil@everybye=\toks16
\pgfutil@tempdima=\dimen129
\pgfutil@tempdimb=\dimen130

(/usr/share/texlive/texmf-dist/tex/generic/pgf/utilities/pgfutil-common-lists.t
ex)) (/usr/share/texlive/texmf-dist/tex/generic/pgf/utilities/pgfutil-latex.def
\pgfutil@abb=\box34
(/usr/share/texlive/texmf-dist/tex/latex/ms/everyshi.sty
Package: everyshi 2001/05/15 v3.00 EveryShipout Package (MS)
))
(/usr/share/texlive/texmf-dist/tex/generic/pgf/utilities/pgfrcs.code.tex
Package: pgfrcs 2013/12/20 v3.0.0 (rcs-revision 1.28)
))
(/usr/share/texlive/texmf-dist/tex/generic/pgf/systemlayer/pgfsys.code.tex
Package: pgfsys 2013/11/30 v3.0.0 (rcs-revision 1.47)

(/usr/share/texlive/texmf-dist/tex/generic/pgf/utilities/pgfkeys.code.tex
\pgfkeys@pathtoks=\toks17
\pgfkeys@temptoks=\toks18

(/usr/share/texlive/texmf-dist/tex/generic/pgf/utilities/pgfkeysfiltered.code.t
ex
\pgfkeys@tmptoks=\toks19
))
\pgf@x=\dimen131
\pgf@y=\dimen132
\pgf@xa=\dimen133
\pgf@ya=\dimen134
\pgf@xb=\dimen135
\pgf@yb=\dimen136
\pgf@xc=\dimen137
\pgf@yc=\dimen138
\w@pgf@writea=\write3
\r@pgf@reada=\read1
\c@pgf@counta=\count106
\c@pgf@countb=\count107
\c@pgf@countc=\count108
\c@pgf@countd=\count109
\t@pgf@toka=\toks20
\t@pgf@tokb=\toks21
\t@pgf@tokc=\toks22
 (/usr/share/texlive/texmf-dist/tex/generic/pgf/systemlayer/pgf.cfg
File: pgf.cfg 2008/05/14  (rcs-revision 1.7)
)
Driver file for pgf: pgfsys-pdftex.def

(/usr/share/texlive/texmf-dist/tex/generic/pgf/systemlayer/pgfsys-pdftex.def
File: pgfsys-pdftex.def 2013/07/18  (rcs-revision 1.33)

(/usr/share/texlive/texmf-dist/tex/generic/pgf/systemlayer/pgfsys-common-pdf.de
f
File: pgfsys-common-pdf.def 2013/10/10  (rcs-revision 1.13)
)))
(/usr/share/texlive/texmf-dist/tex/generic/pgf/systemlayer/pgfsyssoftpath.code.
tex
File: pgfsyssoftpath.code.tex 2013/09/09  (rcs-revision 1.9)
\pgfsyssoftpath@smallbuffer@items=\count110
\pgfsyssoftpath@bigbuffer@items=\count111
)
(/usr/share/texlive/texmf-dist/tex/generic/pgf/systemlayer/pgfsysprotocol.code.
tex
File: pgfsysprotocol.code.tex 2006/10/16  (rcs-revision 1.4)
)) (/usr/share/texlive/texmf-dist/tex/latex/xcolor/xcolor.sty
Package: xcolor 2007/01/21 v2.11 LaTeX color extensions (UK)

(/usr/share/texlive/texmf-dist/tex/latex/latexconfig/color.cfg
File: color.cfg 2007/01/18 v1.5 color configuration of teTeX/TeXLive
)
Package xcolor Info: Driver file: pdftex.def on input line 225.
Package xcolor Info: Model `cmy' substituted by `cmy0' on input line 1337.
Package xcolor Info: Model `hsb' substituted by `rgb' on input line 1341.
Package xcolor Info: Model `RGB' extended on input line 1353.
Package xcolor Info: Model `HTML' substituted by `rgb' on input line 1355.
Package xcolor Info: Model `Hsb' substituted by `hsb' on input line 1356.
Package xcolor Info: Model `tHsb' substituted by `hsb' on input line 1357.
Package xcolor Info: Model `HSB' substituted by `hsb' on input line 1358.
Package xcolor Info: Model `Gray' substituted by `gray' on input line 1359.
Package xcolor Info: Model `wave' substituted by `hsb' on input line 1360.
)
(/usr/share/texlive/texmf-dist/tex/generic/pgf/basiclayer/pgfcore.code.tex
Package: pgfcore 2010/04/11 v3.0.0 (rcs-revision 1.7)

(/usr/share/texlive/texmf-dist/tex/generic/pgf/math/pgfmath.code.tex
(/usr/share/texlive/texmf-dist/tex/generic/pgf/math/pgfmathcalc.code.tex
(/usr/share/texlive/texmf-dist/tex/generic/pgf/math/pgfmathutil.code.tex)
(/usr/share/texlive/texmf-dist/tex/generic/pgf/math/pgfmathparser.code.tex
\pgfmath@dimen=\dimen139
\pgfmath@count=\count112
\pgfmath@box=\box35
\pgfmath@toks=\toks23
\pgfmath@stack@operand=\toks24
\pgfmath@stack@operation=\toks25
)
(/usr/share/texlive/texmf-dist/tex/generic/pgf/math/pgfmathfunctions.code.tex
(/usr/share/texlive/texmf-dist/tex/generic/pgf/math/pgfmathfunctions.basic.code
.tex)
(/usr/share/texlive/texmf-dist/tex/generic/pgf/math/pgfmathfunctions.trigonomet
ric.code.tex)
(/usr/share/texlive/texmf-dist/tex/generic/pgf/math/pgfmathfunctions.random.cod
e.tex)
(/usr/share/texlive/texmf-dist/tex/generic/pgf/math/pgfmathfunctions.comparison
.code.tex)
(/usr/share/texlive/texmf-dist/tex/generic/pgf/math/pgfmathfunctions.base.code.
tex)
(/usr/share/texlive/texmf-dist/tex/generic/pgf/math/pgfmathfunctions.round.code
.tex)
(/usr/share/texlive/texmf-dist/tex/generic/pgf/math/pgfmathfunctions.misc.code.
tex)
(/usr/share/texlive/texmf-dist/tex/generic/pgf/math/pgfmathfunctions.integerari
thmetics.code.tex)))
(/usr/share/texlive/texmf-dist/tex/generic/pgf/math/pgfmathfloat.code.tex
\c@pgfmathroundto@lastzeros=\count113
))
(/usr/share/texlive/texmf-dist/tex/generic/pgf/basiclayer/pgfcorepoints.code.te
x
File: pgfcorepoints.code.tex 2013/10/07  (rcs-revision 1.27)
\pgf@picminx=\dimen140
\pgf@picmaxx=\dimen141
\pgf@picminy=\dimen142
\pgf@picmaxy=\dimen143
\pgf@pathminx=\dimen144
\pgf@pathmaxx=\dimen145
\pgf@pathminy=\dimen146
\pgf@pathmaxy=\dimen147
\pgf@xx=\dimen148
\pgf@xy=\dimen149
\pgf@yx=\dimen150
\pgf@yy=\dimen151
\pgf@zx=\dimen152
\pgf@zy=\dimen153
)
(/usr/share/texlive/texmf-dist/tex/generic/pgf/basiclayer/pgfcorepathconstruct.
code.tex
File: pgfcorepathconstruct.code.tex 2013/10/07  (rcs-revision 1.29)
\pgf@path@lastx=\dimen154
\pgf@path@lasty=\dimen155
)
(/usr/share/texlive/texmf-dist/tex/generic/pgf/basiclayer/pgfcorepathusage.code
.tex
File: pgfcorepathusage.code.tex 2013/12/13  (rcs-revision 1.23)
\pgf@shorten@end@additional=\dimen156
\pgf@shorten@start@additional=\dimen157
)
(/usr/share/texlive/texmf-dist/tex/generic/pgf/basiclayer/pgfcorescopes.code.te
x
File: pgfcorescopes.code.tex 2013/10/09  (rcs-revision 1.44)
\pgfpic=\box36
\pgf@hbox=\box37
\pgf@layerbox@main=\box38
\pgf@picture@serial@count=\count114
)
(/usr/share/texlive/texmf-dist/tex/generic/pgf/basiclayer/pgfcoregraphicstate.c
ode.tex
File: pgfcoregraphicstate.code.tex 2013/09/19  (rcs-revision 1.11)
\pgflinewidth=\dimen158
)
(/usr/share/texlive/texmf-dist/tex/generic/pgf/basiclayer/pgfcoretransformation
s.code.tex
File: pgfcoretransformations.code.tex 2013/10/10  (rcs-revision 1.17)
\pgf@pt@x=\dimen159
\pgf@pt@y=\dimen160
\pgf@pt@temp=\dimen161
)
(/usr/share/texlive/texmf-dist/tex/generic/pgf/basiclayer/pgfcorequick.code.tex
File: pgfcorequick.code.tex 2008/10/09  (rcs-revision 1.3)
)
(/usr/share/texlive/texmf-dist/tex/generic/pgf/basiclayer/pgfcoreobjects.code.t
ex
File: pgfcoreobjects.code.tex 2006/10/11  (rcs-revision 1.2)
)
(/usr/share/texlive/texmf-dist/tex/generic/pgf/basiclayer/pgfcorepathprocessing
.code.tex
File: pgfcorepathprocessing.code.tex 2013/09/09  (rcs-revision 1.9)
)
(/usr/share/texlive/texmf-dist/tex/generic/pgf/basiclayer/pgfcorearrows.code.te
x
File: pgfcorearrows.code.tex 2013/11/07  (rcs-revision 1.40)
\pgfarrowsep=\dimen162
)
(/usr/share/texlive/texmf-dist/tex/generic/pgf/basiclayer/pgfcoreshade.code.tex
File: pgfcoreshade.code.tex 2013/07/15  (rcs-revision 1.15)
\pgf@max=\dimen163
\pgf@sys@shading@range@num=\count115
)
(/usr/share/texlive/texmf-dist/tex/generic/pgf/basiclayer/pgfcoreimage.code.tex
File: pgfcoreimage.code.tex 2013/07/15  (rcs-revision 1.18)

(/usr/share/texlive/texmf-dist/tex/generic/pgf/basiclayer/pgfcoreexternal.code.
tex
File: pgfcoreexternal.code.tex 2013/07/15  (rcs-revision 1.20)
\pgfexternal@startupbox=\box39
))
(/usr/share/texlive/texmf-dist/tex/generic/pgf/basiclayer/pgfcorelayers.code.te
x
File: pgfcorelayers.code.tex 2013/07/18  (rcs-revision 1.7)
)
(/usr/share/texlive/texmf-dist/tex/generic/pgf/basiclayer/pgfcoretransparency.c
ode.tex
File: pgfcoretransparency.code.tex 2013/09/30  (rcs-revision 1.5)
)
(/usr/share/texlive/texmf-dist/tex/generic/pgf/basiclayer/pgfcorepatterns.code.
tex
File: pgfcorepatterns.code.tex 2013/11/07  (rcs-revision 1.5)
))) (/usr/share/texlive/texmf-dist/tex/latex/pgf/utilities/xxcolor.sty
Package: xxcolor 2003/10/24 ver 0.1
\XC@nummixins=\count116
\XC@countmixins=\count117
)
(/usr/share/texlive/texmf-dist/tex/generic/oberdiek/atbegshi.sty
Package: atbegshi 2011/10/05 v1.16 At begin shipout hook (HO)
)
(/usr/share/texlive/texmf-dist/tex/latex/hyperref/hyperref.sty
Package: hyperref 2012/11/06 v6.83m Hypertext links for LaTeX

(/usr/share/texlive/texmf-dist/tex/generic/oberdiek/hobsub-hyperref.sty
Package: hobsub-hyperref 2012/05/28 v1.13 Bundle oberdiek, subset hyperref (HO)


(/usr/share/texlive/texmf-dist/tex/generic/oberdiek/hobsub-generic.sty
Package: hobsub-generic 2012/05/28 v1.13 Bundle oberdiek, subset generic (HO)
Package: hobsub 2012/05/28 v1.13 Construct package bundles (HO)
Package hobsub Info: Skipping package `infwarerr' (already loaded).
Package hobsub Info: Skipping package `ltxcmds' (already loaded).
Package: ifluatex 2010/03/01 v1.3 Provides the ifluatex switch (HO)
Package ifluatex Info: LuaTeX not detected.
Package hobsub Info: Skipping package `ifvtex' (already loaded).
Package: intcalc 2007/09/27 v1.1 Expandable calculations with integers (HO)
Package hobsub Info: Skipping package `ifpdf' (already loaded).
Package: etexcmds 2011/02/16 v1.5 Avoid name clashes with e-TeX commands (HO)
Package etexcmds Info: Could not find \expanded.
(etexcmds)             That can mean that you are not using pdfTeX 1.50 or
(etexcmds)             that some package has redefined \expanded.
(etexcmds)             In the latter case, load this package earlier.
Package: kvsetkeys 2012/04/25 v1.16 Key value parser (HO)
Package: kvdefinekeys 2011/04/07 v1.3 Define keys (HO)
Package: pdftexcmds 2011/11/29 v0.20 Utility functions of pdfTeX for LuaTeX (HO
)
Package pdftexcmds Info: LuaTeX not detected.
Package pdftexcmds Info: \pdf@primitive is available.
Package pdftexcmds Info: \pdf@ifprimitive is available.
Package pdftexcmds Info: \pdfdraftmode found.
Package: pdfescape 2011/11/25 v1.13 Implements pdfTeX's escape features (HO)
Package: bigintcalc 2012/04/08 v1.3 Expandable calculations on big integers (HO
)
Package: bitset 2011/01/30 v1.1 Handle bit-vector datatype (HO)
Package: uniquecounter 2011/01/30 v1.2 Provide unlimited unique counter (HO)
)
Package hobsub Info: Skipping package `hobsub' (already loaded).
Package: letltxmacro 2010/09/02 v1.4 Let assignment for LaTeX macros (HO)
Package: hopatch 2012/05/28 v1.2 Wrapper for package hooks (HO)
Package: xcolor-patch 2011/01/30 xcolor patch
Package: atveryend 2011/06/30 v1.8 Hooks at the very end of document (HO)
Package atveryend Info: \enddocument detected (standard20110627).
Package hobsub Info: Skipping package `atbegshi' (already loaded).
Package: refcount 2011/10/16 v3.4 Data extraction from label references (HO)
Package: hycolor 2011/01/30 v1.7 Color options for hyperref/bookmark (HO)
)
(/usr/share/texlive/texmf-dist/tex/latex/oberdiek/auxhook.sty
Package: auxhook 2011/03/04 v1.3 Hooks for auxiliary files (HO)
)
(/usr/share/texlive/texmf-dist/tex/latex/oberdiek/kvoptions.sty
Package: kvoptions 2011/06/30 v3.11 Key value format for package options (HO)
)
\@linkdim=\dimen164
\Hy@linkcounter=\count118
\Hy@pagecounter=\count119

(/usr/share/texlive/texmf-dist/tex/latex/hyperref/pd1enc.def
File: pd1enc.def 2012/11/06 v6.83m Hyperref: PDFDocEncoding definition (HO)
)
\Hy@SavedSpaceFactor=\count120

(/usr/share/texlive/texmf-dist/tex/latex/latexconfig/hyperref.cfg
File: hyperref.cfg 2002/06/06 v1.2 hyperref configuration of TeXLive
)
Package hyperref Info: Option `bookmarks' set `true' on input line 4319.
Package hyperref Info: Option `bookmarksopen' set `true' on input line 4319.
Package hyperref Info: Option `implicit' set `false' on input line 4319.
Package hyperref Info: Hyper figures OFF on input line 4443.
Package hyperref Info: Link nesting OFF on input line 4448.
Package hyperref Info: Hyper index ON on input line 4451.
Package hyperref Info: Plain pages OFF on input line 4458.
Package hyperref Info: Backreferencing OFF on input line 4463.
Package hyperref Info: Implicit mode OFF; no redefinition of LaTeX internals.
Package hyperref Info: Bookmarks ON on input line 4688.
\c@Hy@tempcnt=\count121

(/usr/share/texlive/texmf-dist/tex/latex/url/url.sty
\Urlmuskip=\muskip10
Package: url 2013/09/16  ver 3.4  Verb mode for urls, etc.
)
LaTeX Info: Redefining \url on input line 5041.
\XeTeXLinkMargin=\dimen165
\Fld@menulength=\count122
\Field@Width=\dimen166
\Fld@charsize=\dimen167
Package hyperref Info: Hyper figures OFF on input line 6295.
Package hyperref Info: Link nesting OFF on input line 6300.
Package hyperref Info: Hyper index ON on input line 6303.
Package hyperref Info: backreferencing OFF on input line 6310.
Package hyperref Info: Link coloring OFF on input line 6315.
Package hyperref Info: Link coloring with OCG OFF on input line 6320.
Package hyperref Info: PDF/A mode OFF on input line 6325.
LaTeX Info: Redefining \ref on input line 6365.
LaTeX Info: Redefining \pageref on input line 6369.
\Hy@abspage=\count123


Package hyperref Message: Stopped early.

)

Package hyperref Message: Driver (autodetected): hpdftex.

(/usr/share/texlive/texmf-dist/tex/latex/hyperref/hpdftex.def
File: hpdftex.def 2012/11/06 v6.83m Hyperref driver for pdfTeX
\Fld@listcount=\count124
\c@bookmark@seq@number=\count125

(/usr/share/texlive/texmf-dist/tex/latex/oberdiek/rerunfilecheck.sty
Package: rerunfilecheck 2011/04/15 v1.7 Rerun checks for auxiliary files (HO)
Package uniquecounter Info: New unique counter `rerunfilecheck' on input line 2
82.
))
(/usr/share/texlive/texmf-dist/tex/latex/beamer/beamerbaserequires.sty
Package: beamerbaserequires 2010/05/01  (rcs-revision efa082c6111d)

(/usr/share/texlive/texmf-dist/tex/latex/beamer/beamerbasecompatibility.sty
Package: beamerbasecompatibility 2012/05/01  (rcs-revision 67c48b3b652d)
)
(/usr/share/texlive/texmf-dist/tex/latex/beamer/beamerbasefont.sty
Package: beamerbasefont 2013/10/18  (rcs-revision 72f39e01808a)

(/usr/share/texlive/texmf-dist/tex/latex/amsfonts/amssymb.sty
Package: amssymb 2013/01/14 v3.01 AMS font symbols

(/usr/share/texlive/texmf-dist/tex/latex/amsfonts/amsfonts.sty
Package: amsfonts 2013/01/14 v3.01 Basic AMSFonts support
\@emptytoks=\toks26
\symAMSa=\mathgroup4
\symAMSb=\mathgroup5
LaTeX Font Info:    Overwriting math alphabet `\mathfrak' in version `bold'
(Font)                  U/euf/m/n --> U/euf/b/n on input line 106.
))
(/usr/share/texlive/texmf-dist/tex/latex/sansmathaccent/sansmathaccent.sty
Package: sansmathaccent 2013/03/28

(/usr/share/texlive/texmf-dist/tex/latex/filehook/filehook.sty
Package: filehook 2011/10/12 v0.5d Hooks for input files
)))
(/usr/share/texlive/texmf-dist/tex/latex/beamer/beamerbasetranslator.sty
Package: beamerbasetranslator 2010/06/11  (rcs-revision 85fd1cc7fc42)

(/usr/share/texlive/texmf-dist/tex/latex/beamer/translator/translator.sty
Package: translator 2010/06/12 ver 1.10

(/usr/share/texlive/texmf-dist/tex/latex/beamer/translator/translator-language-
mappings.tex)))
(/usr/share/texlive/texmf-dist/tex/latex/beamer/beamerbasemisc.sty
Package: beamerbasemisc 2013/09/03  (rcs-revision a55719c41d85)
)
(/usr/share/texlive/texmf-dist/tex/latex/beamer/beamerbasetwoscreens.sty
Package: beamerbasetwoscreens 2010/05/01  (rcs-revision efa082c6111d)
)
(/usr/share/texlive/texmf-dist/tex/latex/beamer/beamerbaseoverlay.sty
Package: beamerbaseoverlay 2013/12/25  (rcs-revision f6bd5e3805da)
\beamer@argscount=\count126
\beamer@lastskipcover=\skip44
\beamer@trivlistdepth=\count127
)
(/usr/share/texlive/texmf-dist/tex/latex/beamer/beamerbasetitle.sty
Package: beamerbasetitle 2010/09/21  (rcs-revision f0446ed0b6ae)
)
(/usr/share/texlive/texmf-dist/tex/latex/beamer/beamerbasesection.sty
Package: beamerbasesection 2013/06/07  (rcs-revision 60b9fe0f342f)
\c@lecture=\count128
\c@part=\count129
\c@section=\count130
\c@subsection=\count131
\c@subsubsection=\count132
)
(/usr/share/texlive/texmf-dist/tex/latex/beamer/beamerbaseframe.sty
Package: beamerbaseframe 2013/10/02  (rcs-revision cdc8e9a3aaac)
\beamer@framebox=\box40
\beamer@frametitlebox=\box41
\beamer@zoombox=\box42
\beamer@zoomcount=\count133
\beamer@zoomframecount=\count134
\beamer@frametextheight=\dimen168
\c@subsectionslide=\count135
\beamer@frametopskip=\skip45
\beamer@framebottomskip=\skip46
\beamer@frametopskipautobreak=\skip47
\beamer@framebottomskipautobreak=\skip48
\beamer@envbody=\toks27
\framewidth=\dimen169
\c@framenumber=\count136
)
(/usr/share/texlive/texmf-dist/tex/latex/beamer/beamerbaseverbatim.sty
Package: beamerbaseverbatim 2012/08/30  (rcs-revision dfdb135076b3)
\beamer@verbatimfileout=\write4
)
(/usr/share/texlive/texmf-dist/tex/latex/beamer/beamerbaseframesize.sty
Package: beamerbaseframesize 2011/09/12  (rcs-revision 70f9d8411e54)
\beamer@splitbox=\box43
\beamer@autobreakcount=\count137
\beamer@autobreaklastheight=\dimen170
\beamer@frametitletoks=\toks28
\beamer@framesubtitletoks=\toks29
)
(/usr/share/texlive/texmf-dist/tex/latex/beamer/beamerbaseframecomponents.sty
Package: beamerbaseframecomponents 2013/10/18  (rcs-revision 5cf6c5555a45)
\beamer@footins=\box44
)
(/usr/share/texlive/texmf-dist/tex/latex/beamer/beamerbasecolor.sty
Package: beamerbasecolor 2010/06/06  (rcs-revision d1a9b48be06d)
)
(/usr/share/texlive/texmf-dist/tex/latex/beamer/beamerbasenotes.sty
Package: beamerbasenotes 2012/12/19  (rcs-revision 1686da3db3c9)
\beamer@frameboxcopy=\box45
)
(/usr/share/texlive/texmf-dist/tex/latex/beamer/beamerbasetoc.sty
Package: beamerbasetoc 2013/05/23  (rcs-revision 0fdf5bc43be8)
)
(/usr/share/texlive/texmf-dist/tex/latex/beamer/beamerbasetemplates.sty
Package: beamerbasetemplates 2010/05/01  (rcs-revision efa082c6111d)
\beamer@sbttoks=\toks30

(/usr/share/texlive/texmf-dist/tex/latex/beamer/beamerbaseauxtemplates.sty
Package: beamerbaseauxtemplates 2013/09/04  (rcs-revision 4ac715c499d0)

(/usr/share/texlive/texmf-dist/tex/latex/beamer/beamerbaseboxes.sty
Package: beamerbaseboxes 2012/05/13  (rcs-revision 56972908a390)
\bmb@box=\box46
\bmb@colorbox=\box47
\bmb@boxshadow=\box48
\bmb@boxshadowball=\box49
\bmb@boxshadowballlarge=\box50
\bmb@temp=\dimen171
\bmb@dima=\dimen172
\bmb@dimb=\dimen173
\bmb@prevheight=\dimen174
)
\beamer@blockheadheight=\dimen175
))
(/usr/share/texlive/texmf-dist/tex/latex/beamer/beamerbaselocalstructure.sty
Package: beamerbaselocalstructure 2013/09/04  (rcs-revision 4ac715c499d0)

(/usr/share/texlive/texmf-dist/tex/latex/tools/enumerate.sty
Package: enumerate 2014/10/28 v3.00 enumerate extensions (DPC)
\@enLab=\toks31
)
\c@figure=\count138
\c@table=\count139
\abovecaptionskip=\skip49
\belowcaptionskip=\skip50
)
(/usr/share/texlive/texmf-dist/tex/latex/beamer/beamerbasenavigation.sty
Package: beamerbasenavigation 2013/10/05  (rcs-revision 62be157fe783)
\beamer@section@min@dim=\dimen176
)
(/usr/share/texlive/texmf-dist/tex/latex/beamer/beamerbasetheorems.sty
Package: beamerbasetheorems 2010/06/06  (rcs-revision 7e7cc5e53e9d)

(/usr/share/texlive/texmf-dist/tex/latex/amsmath/amsmath.sty
Package: amsmath 2013/01/14 v2.14 AMS math features
\@mathmargin=\skip51

For additional information on amsmath, use the `?' option.
(/usr/share/texlive/texmf-dist/tex/latex/amsmath/amstext.sty
Package: amstext 2000/06/29 v2.01

(/usr/share/texlive/texmf-dist/tex/latex/amsmath/amsgen.sty
File: amsgen.sty 1999/11/30 v2.0
\@emptytoks=\toks32
\ex@=\dimen177
))
(/usr/share/texlive/texmf-dist/tex/latex/amsmath/amsbsy.sty
Package: amsbsy 1999/11/29 v1.2d
\pmbraise@=\dimen178
)
(/usr/share/texlive/texmf-dist/tex/latex/amsmath/amsopn.sty
Package: amsopn 1999/12/14 v2.01 operator names
)
\inf@bad=\count140
LaTeX Info: Redefining \frac on input line 210.
\uproot@=\count141
\leftroot@=\count142
LaTeX Info: Redefining \overline on input line 306.
\classnum@=\count143
\DOTSCASE@=\count144
LaTeX Info: Redefining \ldots on input line 378.
LaTeX Info: Redefining \dots on input line 381.
LaTeX Info: Redefining \cdots on input line 466.
\Mathstrutbox@=\box51
\strutbox@=\box52
\big@size=\dimen179
LaTeX Font Info:    Redeclaring font encoding OML on input line 566.
LaTeX Font Info:    Redeclaring font encoding OMS on input line 567.
\macc@depth=\count145
\c@MaxMatrixCols=\count146
\dotsspace@=\muskip11
\c@parentequation=\count147
\dspbrk@lvl=\count148
\tag@help=\toks33
\row@=\count149
\column@=\count150
\maxfields@=\count151
\andhelp@=\toks34
\eqnshift@=\dimen180
\alignsep@=\dimen181
\tagshift@=\dimen182
\tagwidth@=\dimen183
\totwidth@=\dimen184
\lineht@=\dimen185
\@envbody=\toks35
\multlinegap=\skip52
\multlinetaggap=\skip53
\mathdisplay@stack=\toks36
LaTeX Info: Redefining \[ on input line 2665.
LaTeX Info: Redefining \] on input line 2666.
)
(/usr/share/texlive/texmf-dist/tex/latex/amscls/amsthm.sty
Package: amsthm 2009/07/02 v2.20.1
\thm@style=\toks37
\thm@bodyfont=\toks38
\thm@headfont=\toks39
\thm@notefont=\toks40
\thm@headpunct=\toks41
\thm@preskip=\skip54
\thm@postskip=\skip55
\thm@headsep=\skip56
\dth@everypar=\toks42
)
\c@theorem=\count152
)
(/usr/share/texlive/texmf-dist/tex/latex/beamer/beamerbasethemes.sty
Package: beamerbasethemes 2010/05/01  (rcs-revision efa082c6111d)
))
(/usr/share/texlive/texmf-dist/tex/latex/beamer/themes/theme/beamerthemedefault
.sty
Package: beamerthemedefault 2010/06/17  (rcs-revision d02a7cf4d8ae)

(/usr/share/texlive/texmf-dist/tex/latex/beamer/themes/font/beamerfontthemedefa
ult.sty
Package: beamerfontthemedefault 2012/12/19  (rcs-revision 1686da3db3c9)
)
(/usr/share/texlive/texmf-dist/tex/latex/beamer/themes/color/beamercolorthemede
fault.sty
Package: beamercolorthemedefault 2012/12/19  (rcs-revision 1686da3db3c9)
)
(/usr/share/texlive/texmf-dist/tex/latex/beamer/themes/inner/beamerinnerthemede
fault.sty
Package: beamerinnerthemedefault 2013/10/15  (rcs-revision 65cb471f9634)
\beamer@dima=\dimen186
\beamer@dimb=\dimen187
)
(/usr/share/texlive/texmf-dist/tex/latex/beamer/themes/outer/beamerouterthemede
fault.sty
Package: beamerouterthemedefault 2012/12/19  (rcs-revision 1686da3db3c9)
)))
(/usr/share/texlive/texmf-dist/tex/latex/beamer/themes/theme/beamerthemeMadrid.
sty
Package: beamerthemeMadrid 2010/06/17  (rcs-revision d02a7cf4d8ae)

(/usr/share/texlive/texmf-dist/tex/latex/beamer/themes/color/beamercolorthemewh
ale.sty
Package: beamercolorthemewhale 2010/06/17  (rcs-revision d02a7cf4d8ae)
)
(/usr/share/texlive/texmf-dist/tex/latex/beamer/themes/color/beamercolorthemeor
chid.sty
Package: beamercolorthemeorchid 2010/06/17  (rcs-revision d02a7cf4d8ae)
)
(/usr/share/texlive/texmf-dist/tex/latex/beamer/themes/inner/beamerinnerthemero
unded.sty
Package: beamerinnerthemerounded 2010/06/17  (rcs-revision d02a7cf4d8ae)
)
(/usr/share/texlive/texmf-dist/tex/latex/beamer/themes/outer/beamerouterthemein
folines.sty
Package: beamerouterthemeinfolines 2012/10/16  (rcs-revision 51a8c72084af)
))
(/usr/share/texlive/texmf-dist/tex/latex/beamer/themes/color/beamercolorthemecr
ane.sty
Package: beamercolorthemecrane 2010/06/17  (rcs-revision d02a7cf4d8ae)
) (/usr/share/texlive/texmf-dist/tex/latex/esvect/esvect.sty
Package: esvect 
\symesvector=\mathgroup6
)
(/usr/share/texlive/texmf-dist/tex/latex/overpic/overpic.sty
Package: overpic 2010/09/13 v0.53  Overwriting graphics

Package: overpic v0.53 <2010/09/13> (RN)
(/usr/share/texlive/texmf-dist/tex/latex/eepic/epic.sty
Enhancements to Picture Environment. Version 1.2 - Released June 1, 1986
\@@multicnt=\count153
\d@lta=\count154
\@delta=\dimen188
\@@delta=\dimen189
\@gridcnt=\count155
\@joinkind=\count156
\@dotgap=\dimen190
\@ddotgap=\dimen191
\@x@diff=\count157
\@y@diff=\count158
\x@diff=\dimen192
\y@diff=\dimen193
\@dotbox=\box53
\num@segments=\count159
\num@segmentsi=\count160
\@datafile=\read2
)
overpic: relative positioning in percent
) (/usr/share/texlive/texmf-dist/tex/latex/booktabs/booktabs.sty
Package: booktabs 2005/04/14 v1.61803 publication quality tables
\heavyrulewidth=\dimen194
\lightrulewidth=\dimen195
\cmidrulewidth=\dimen196
\belowrulesep=\dimen197
\belowbottomsep=\dimen198
\aboverulesep=\dimen199
\abovetopsep=\dimen200
\cmidrulesep=\dimen201
\cmidrulekern=\dimen202
\defaultaddspace=\dimen203
\@cmidla=\count161
\@cmidlb=\count162
\@aboverulesep=\dimen204
\@belowrulesep=\dimen205
\@thisruleclass=\count163
\@lastruleclass=\count164
\@thisrulewidth=\dimen206
)
(/usr/share/texlive/texmf-dist/tex/latex/multirow/multirow.sty
\bigstrutjot=\dimen207
)
(/usr/share/texlive/texmf-dist/tex/latex/tools/hhline.sty
Package: hhline 2014/10/28 v2.03 Table rule package (DPC)
)

Package hyperref Warning: Token not allowed in a PDF string (PDFDocEncoding):
(hyperref)                removing `math shift' on input line 95.


Package hyperref Warning: Token not allowed in a PDF string (PDFDocEncoding):
(hyperref)                removing `\eta' on input line 95.


Package hyperref Warning: Token not allowed in a PDF string (PDFDocEncoding):
(hyperref)                removing `subscript' on input line 95.


Package hyperref Warning: Token not allowed in a PDF string (PDFDocEncoding):
(hyperref)                removing `\to' on input line 95.


Package hyperref Warning: Token not allowed in a PDF string (PDFDocEncoding):
(hyperref)                removing `superscript' on input line 95.


Package hyperref Warning: Token not allowed in a PDF string (PDFDocEncoding):
(hyperref)                removing `superscript' on input line 95.


Package hyperref Warning: Token not allowed in a PDF string (PDFDocEncoding):
(hyperref)                removing `\pi' on input line 95.


Package hyperref Warning: Token not allowed in a PDF string (PDFDocEncoding):
(hyperref)                removing `superscript' on input line 95.


Package hyperref Warning: Token not allowed in a PDF string (PDFDocEncoding):
(hyperref)                removing `math shift' on input line 95.


Package hyperref Warning: Token not allowed in a PDF string (PDFDocEncoding):
(hyperref)                removing `math shift' on input line 95.


Package hyperref Warning: Token not allowed in a PDF string (PDFDocEncoding):
(hyperref)                removing `\eta' on input line 95.


Package hyperref Warning: Token not allowed in a PDF string (PDFDocEncoding):
(hyperref)                removing `subscript' on input line 95.


Package hyperref Warning: Token not allowed in a PDF string (PDFDocEncoding):
(hyperref)                removing `\to' on input line 95.


Package hyperref Warning: Token not allowed in a PDF string (PDFDocEncoding):
(hyperref)                removing `\pi' on input line 95.


Package hyperref Warning: Token not allowed in a PDF string (PDFDocEncoding):
(hyperref)                removing `superscript' on input line 95.


Package hyperref Warning: Token not allowed in a PDF string (PDFDocEncoding):
(hyperref)                removing `\pi' on input line 95.


Package hyperref Warning: Token not allowed in a PDF string (PDFDocEncoding):
(hyperref)                removing `superscript' on input line 95.


Package hyperref Warning: Token not allowed in a PDF string (PDFDocEncoding):
(hyperref)                removing `\pi' on input line 95.


Package hyperref Warning: Token not allowed in a PDF string (PDFDocEncoding):
(hyperref)                removing `superscript' on input line 95.


Package hyperref Warning: Token not allowed in a PDF string (PDFDocEncoding):
(hyperref)                removing `math shift' on input line 95.

(./report.aux)
\openout1 = `report.aux'.

LaTeX Font Info:    Checking defaults for OML/cmm/m/it on input line 95.
LaTeX Font Info:    ... okay on input line 95.
LaTeX Font Info:    Checking defaults for T1/cmr/m/n on input line 95.
LaTeX Font Info:    ... okay on input line 95.
LaTeX Font Info:    Checking defaults for OT1/cmr/m/n on input line 95.
LaTeX Font Info:    ... okay on input line 95.
LaTeX Font Info:    Checking defaults for OMS/cmsy/m/n on input line 95.
LaTeX Font Info:    ... okay on input line 95.
LaTeX Font Info:    Checking defaults for OMX/cmex/m/n on input line 95.
LaTeX Font Info:    ... okay on input line 95.
LaTeX Font Info:    Checking defaults for U/cmr/m/n on input line 95.
LaTeX Font Info:    ... okay on input line 95.
LaTeX Font Info:    Checking defaults for PD1/pdf/m/n on input line 95.
LaTeX Font Info:    ... okay on input line 95.

*geometry* driver: auto-detecting
*geometry* detected driver: pdftex
*geometry* verbose mode - [ preamble ] result:
* driver: pdftex
* paper: custom
* layout: <same size as paper>
* layoutoffset:(h,v)=(0.0pt,0.0pt)
* modes: includehead includefoot 
* h-part:(L,W,R)=(10.95003pt, 342.2953pt, 10.95003pt)
* v-part:(T,H,B)=(0.0pt, 273.14662pt, 0.0pt)
* \paperwidth=364.19536pt
* \paperheight=273.14662pt
* \textwidth=342.2953pt
* \textheight=244.6939pt
* \oddsidemargin=-61.31996pt
* \evensidemargin=-61.31996pt
* \topmargin=-72.26999pt
* \headheight=14.22636pt
* \headsep=0.0pt
* \topskip=11.0pt
* \footskip=14.22636pt
* \marginparwidth=4.0pt
* \marginparsep=10.0pt
* \columnsep=10.0pt
* \skip\footins=10.0pt plus 4.0pt minus 2.0pt
* \hoffset=0.0pt
* \voffset=0.0pt
* \mag=1000
* \@twocolumnfalse
* \@twosidefalse
* \@mparswitchfalse
* \@reversemarginfalse
* (1in=72.27pt=25.4mm, 1cm=28.453pt)

(/usr/share/texlive/texmf-dist/tex/context/base/supp-pdf.mkii
[Loading MPS to PDF converter (version 2006.09.02).]
\scratchcounter=\count165
\scratchdimen=\dimen208
\scratchbox=\box54
\nofMPsegments=\count166
\nofMParguments=\count167
\everyMPshowfont=\toks43
\MPscratchCnt=\count168
\MPscratchDim=\dimen209
\MPnumerator=\count169
\makeMPintoPDFobject=\count170
\everyMPtoPDFconversion=\toks44
) (/usr/share/texlive/texmf-dist/tex/latex/oberdiek/epstopdf-base.sty
Package: epstopdf-base 2010/02/09 v2.5 Base part for package epstopdf

(/usr/share/texlive/texmf-dist/tex/latex/oberdiek/grfext.sty
Package: grfext 2010/08/19 v1.1 Manage graphics extensions (HO)
)
Package grfext Info: Graphics extension search list:
(grfext)             [.png,.pdf,.jpg,.mps,.jpeg,.jbig2,.jb2,.PNG,.PDF,.JPG,.JPE
G,.JBIG2,.JB2,.eps]
(grfext)             \AppendGraphicsExtensions on input line 452.

(/usr/share/texlive/texmf-dist/tex/latex/latexconfig/epstopdf-sys.cfg
File: epstopdf-sys.cfg 2010/07/13 v1.3 Configuration of (r)epstopdf for TeX Liv
e
))
ABD: EveryShipout initializing macros
\AtBeginShipoutBox=\box55
Package hyperref Info: Link coloring OFF on input line 95.

(/usr/share/texlive/texmf-dist/tex/latex/hyperref/nameref.sty
Package: nameref 2012/10/27 v2.43 Cross-referencing by name of section

(/usr/share/texlive/texmf-dist/tex/generic/oberdiek/gettitlestring.sty
Package: gettitlestring 2010/12/03 v1.4 Cleanup title references (HO)
)
\c@section@level=\count171
)
LaTeX Info: Redefining \ref on input line 95.
LaTeX Info: Redefining \pageref on input line 95.
LaTeX Info: Redefining \nameref on input line 95.

(./report.out) (./report.out)
\@outlinefile=\write5
\openout5 = `report.out'.

LaTeX Font Info:    Overwriting symbol font `operators' in version `normal'
(Font)                  OT1/cmr/m/n --> OT1/cmss/m/n on input line 95.
LaTeX Font Info:    Overwriting symbol font `operators' in version `bold'
(Font)                  OT1/cmr/bx/n --> OT1/cmss/bx/n on input line 95.
\symnumbers=\mathgroup7
\sympureletters=\mathgroup8
LaTeX Font Info:    Overwriting math alphabet `\mathrm' in version `normal'
(Font)                  OT1/cmss/m/n --> OT1/cmr/m/n on input line 95.
LaTeX Font Info:    Redeclaring math alphabet \mathbf on input line 95.
LaTeX Font Info:    Overwriting math alphabet `\mathbf' in version `normal'
(Font)                  OT1/cmr/bx/n --> OT1/cmss/bx/n on input line 95.
LaTeX Font Info:    Overwriting math alphabet `\mathbf' in version `bold'
(Font)                  OT1/cmr/bx/n --> OT1/cmss/bx/n on input line 95.
LaTeX Font Info:    Redeclaring math alphabet \mathsf on input line 95.
LaTeX Font Info:    Overwriting math alphabet `\mathsf' in version `normal'
(Font)                  OT1/cmss/m/n --> OT1/cmss/m/n on input line 95.
LaTeX Font Info:    Overwriting math alphabet `\mathsf' in version `bold'
(Font)                  OT1/cmss/bx/n --> OT1/cmss/m/n on input line 95.
LaTeX Font Info:    Redeclaring math alphabet \mathit on input line 95.
LaTeX Font Info:    Overwriting math alphabet `\mathit' in version `normal'
(Font)                  OT1/cmr/m/it --> OT1/cmss/m/it on input line 95.
LaTeX Font Info:    Overwriting math alphabet `\mathit' in version `bold'
(Font)                  OT1/cmr/bx/it --> OT1/cmss/m/it on input line 95.
LaTeX Font Info:    Redeclaring math alphabet \mathtt on input line 95.
LaTeX Font Info:    Overwriting math alphabet `\mathtt' in version `normal'
(Font)                  OT1/cmtt/m/n --> OT1/cmtt/m/n on input line 95.
LaTeX Font Info:    Overwriting math alphabet `\mathtt' in version `bold'
(Font)                  OT1/cmtt/m/n --> OT1/cmtt/m/n on input line 95.
LaTeX Font Info:    Overwriting symbol font `numbers' in version `bold'
(Font)                  OT1/cmss/m/n --> OT1/cmss/bx/n on input line 95.
LaTeX Font Info:    Overwriting symbol font `pureletters' in version `bold'
(Font)                  OT1/cmss/m/it --> OT1/cmss/bx/it on input line 95.
LaTeX Font Info:    Overwriting math alphabet `\mathrm' in version `bold'
(Font)                  OT1/cmss/bx/n --> OT1/cmr/bx/n on input line 95.
LaTeX Font Info:    Overwriting math alphabet `\mathbf' in version `bold'
(Font)                  OT1/cmss/bx/n --> OT1/cmss/bx/n on input line 95.
LaTeX Font Info:    Overwriting math alphabet `\mathsf' in version `bold'
(Font)                  OT1/cmss/m/n --> OT1/cmss/bx/n on input line 95.
LaTeX Font Info:    Overwriting math alphabet `\mathit' in version `bold'
(Font)                  OT1/cmss/m/it --> OT1/cmss/bx/it on input line 95.
LaTeX Font Info:    Overwriting math alphabet `\mathtt' in version `bold'
(Font)                  OT1/cmtt/m/n --> OT1/cmtt/bx/n on input line 95.
LaTeX Font Info:    Redeclaring symbol font `pureletters' on input line 95.
LaTeX Font Info:    Overwriting symbol font `pureletters' in version `normal'
(Font)                  OT1/cmss/m/it --> OT1/mathkerncmss/m/sl on input line 9
5.
LaTeX Font Info:    Overwriting symbol font `pureletters' in version `bold'
(Font)                  OT1/cmss/bx/it --> OT1/mathkerncmss/m/sl on input line 
95.
LaTeX Font Info:    Overwriting symbol font `pureletters' in version `bold'
(Font)                  OT1/mathkerncmss/m/sl --> OT1/mathkerncmss/bx/sl on inp
ut line 95.

(/usr/share/texlive/texmf-dist/tex/latex/beamer/translator/dicts/translator-bas
ic-dictionary/translator-basic-dictionary-English.dict
Dictionary: translator-basic-dictionary, Language: English 
)
(/usr/share/texlive/texmf-dist/tex/latex/beamer/translator/dicts/translator-bib
liography-dictionary/translator-bibliography-dictionary-English.dict
Dictionary: translator-bibliography-dictionary, Language: English 
)
(/usr/share/texlive/texmf-dist/tex/latex/beamer/translator/dicts/translator-env
ironment-dictionary/translator-environment-dictionary-English.dict
Dictionary: translator-environment-dictionary, Language: English 
)
(/usr/share/texlive/texmf-dist/tex/latex/beamer/translator/dicts/translator-mon
ths-dictionary/translator-months-dictionary-English.dict
Dictionary: translator-months-dictionary, Language: English 
)
(/usr/share/texlive/texmf-dist/tex/latex/beamer/translator/dicts/translator-num
bers-dictionary/translator-numbers-dictionary-English.dict
Dictionary: translator-numbers-dictionary, Language: English 
)
(/usr/share/texlive/texmf-dist/tex/latex/beamer/translator/dicts/translator-the
orem-dictionary/translator-theorem-dictionary-English.dict
Dictionary: translator-theorem-dictionary, Language: English 
)
LaTeX Info: Redefining \includegraphics on input line 95.
 (./report.nav)
LaTeX Font Info:    Try loading font information for U+msa on input line 101.

(/usr/share/texlive/texmf-dist/tex/latex/amsfonts/umsa.fd
File: umsa.fd 2013/01/14 v3.01 AMS symbols A
)
LaTeX Font Info:    Try loading font information for U+msb on input line 101.

(/usr/share/texlive/texmf-dist/tex/latex/amsfonts/umsb.fd
File: umsb.fd 2013/01/14 v3.01 AMS symbols B
)
LaTeX Font Info:    Try loading font information for U+esvect on input line 101
.

(/usr/share/texlive/texmf-dist/tex/latex/esvect/uesvect.fd
File: uesvect.fd 
)
LaTeX Font Info:    Try loading font information for OT1+mathkerncmss on input 
line 101.

(/usr/share/texlive/texmf-dist/tex/latex/sansmathaccent/ot1mathkerncmss.fd
File: ot1mathkerncmss.fd 2013/03/27 Fontinst v1.933 font definitions for OT1/ma
thkerncmss.
)

LaTeX Font Warning: Font shape `OT1/cmss/m/n' in size <4> not available
(Font)              size <5> substituted on input line 101.

[1

{/var/lib/texmf/fonts/map/pdftex/updmap/pdftex.map}] (./report.toc) [2

]
Package epstopdf Info: Source file: <figures/Multiplicity/Multiplicity_data_fit
_4260.eps>
(epstopdf)                    date: 2015-10-12 22:09:13
(epstopdf)                    size: 180385 bytes
(epstopdf)             Output file: <figures/Multiplicity/Multiplicity_data_fit
_4260-eps-converted-to.pdf>
(epstopdf)                    date: 2015-10-13 01:05:20
(epstopdf)                    size: 76319 bytes
(epstopdf)             Command: <repstopdf --outfile=figures/Multiplicity/Multi
plicity_data_fit_4260-eps-converted-to.pdf figures/Multiplicity/Multiplicity_da
ta_fit_4260.eps>
(epstopdf)             \includegraphics on input line 118.
Package epstopdf Info: Output file is already uptodate.

<figures/Multiplicity/Multiplicity_data_fit_4260-eps-converted-to.pdf, id=96, 5
69.12625pt x 331.2375pt>
File: figures/Multiplicity/Multiplicity_data_fit_4260-eps-converted-to.pdf Grap
hic file (type pdf)

<use figures/Multiplicity/Multiplicity_data_fit_4260-eps-converted-to.pdf>
Package pdftex.def Info: figures/Multiplicity/Multiplicity_data_fit_4260-eps-co
nverted-to.pdf used on input line 118.
(pdftex.def)             Requested size: 338.87422pt x 197.23785pt.

[3

 <./figures/Multiplicity/Multiplicity_data_fit_4260-eps-converted-to.pdf>]
Package epstopdf Info: Source file: <figures/Multiplicity/Multiplicity_MC_fit_4
260.eps>
(epstopdf)                    date: 2015-10-12 22:09:13
(epstopdf)                    size: 109429 bytes
(epstopdf)             Output file: <figures/Multiplicity/Multiplicity_MC_fit_4
260-eps-converted-to.pdf>
(epstopdf)                    date: 2015-10-13 01:05:21
(epstopdf)                    size: 48264 bytes
(epstopdf)             Command: <repstopdf --outfile=figures/Multiplicity/Multi
plicity_MC_fit_4260-eps-converted-to.pdf figures/Multiplicity/Multiplicity_MC_f
it_4260.eps>
(epstopdf)             \includegraphics on input line 122.
Package epstopdf Info: Output file is already uptodate.

<figures/Multiplicity/Multiplicity_MC_fit_4260-eps-converted-to.pdf, id=135, 56
9.12625pt x 331.2375pt>
File: figures/Multiplicity/Multiplicity_MC_fit_4260-eps-converted-to.pdf Graphi
c file (type pdf)

<use figures/Multiplicity/Multiplicity_MC_fit_4260-eps-converted-to.pdf>
Package pdftex.def Info: figures/Multiplicity/Multiplicity_MC_fit_4260-eps-conv
erted-to.pdf used on input line 122.
(pdftex.def)             Requested size: 338.87422pt x 197.23785pt.

[4

 <./figures/Multiplicity/Multiplicity_MC_fit_4260-eps-converted-to.pdf>]
Package epstopdf Info: Source file: <figures/Multiplicity/Multiplicity_data_and
_MC_4230.eps>
(epstopdf)                    date: 2015-10-12 22:09:13
(epstopdf)                    size: 9694 bytes
(epstopdf)             Output file: <figures/Multiplicity/Multiplicity_data_and
_MC_4230-eps-converted-to.pdf>
(epstopdf)                    date: 2015-10-12 22:09:13
(epstopdf)                    size: 8465 bytes
(epstopdf)             Command: <repstopdf --outfile=figures/Multiplicity/Multi
plicity_data_and_MC_4230-eps-converted-to.pdf figures/Multiplicity/Multiplicity
_data_and_MC_4230.eps>
(epstopdf)             \includegraphics on input line 154.
Package epstopdf Info: Output file is already uptodate.

<figures/Multiplicity/Multiplicity_data_and_MC_4230-eps-converted-to.pdf, id=17
1, 569.12625pt x 390.45876pt>
File: figures/Multiplicity/Multiplicity_data_and_MC_4230-eps-converted-to.pdf G
raphic file (type pdf)

<use figures/Multiplicity/Multiplicity_data_and_MC_4230-eps-converted-to.pdf>
Package pdftex.def Info: figures/Multiplicity/Multiplicity_data_and_MC_4230-eps
-converted-to.pdf used on input line 154.
(pdftex.def)             Requested size: 83.86197pt x 57.53555pt.
Package epstopdf Info: Source file: <figures/Multiplicity/Multiplicity_data_and
_MC_4360.eps>
(epstopdf)                    date: 2015-10-12 22:09:13
(epstopdf)                    size: 9710 bytes
(epstopdf)             Output file: <figures/Multiplicity/Multiplicity_data_and
_MC_4360-eps-converted-to.pdf>
(epstopdf)                    date: 2015-10-12 22:09:13
(epstopdf)                    size: 8457 bytes
(epstopdf)             Command: <repstopdf --outfile=figures/Multiplicity/Multi
plicity_data_and_MC_4360-eps-converted-to.pdf figures/Multiplicity/Multiplicity
_data_and_MC_4360.eps>
(epstopdf)             \includegraphics on input line 154.
Package epstopdf Info: Output file is already uptodate.

<figures/Multiplicity/Multiplicity_data_and_MC_4360-eps-converted-to.pdf, id=17
2, 569.12625pt x 390.45876pt>
File: figures/Multiplicity/Multiplicity_data_and_MC_4360-eps-converted-to.pdf G
raphic file (type pdf)

<use figures/Multiplicity/Multiplicity_data_and_MC_4360-eps-converted-to.pdf>
Package pdftex.def Info: figures/Multiplicity/Multiplicity_data_and_MC_4360-eps
-converted-to.pdf used on input line 154.
(pdftex.def)             Requested size: 83.86197pt x 57.53555pt.
Package epstopdf Info: Source file: <figures/Multiplicity/Multiplicity_data_and
_MC_4260.eps>
(epstopdf)                    date: 2015-10-12 22:09:13
(epstopdf)                    size: 10213 bytes
(epstopdf)             Output file: <figures/Multiplicity/Multiplicity_data_and
_MC_4260-eps-converted-to.pdf>
(epstopdf)                    date: 2015-10-12 22:09:13
(epstopdf)                    size: 8600 bytes
(epstopdf)             Command: <repstopdf --outfile=figures/Multiplicity/Multi
plicity_data_and_MC_4260-eps-converted-to.pdf figures/Multiplicity/Multiplicity
_data_and_MC_4260.eps>
(epstopdf)             \includegraphics on input line 154.
Package epstopdf Info: Output file is already uptodate.

<figures/Multiplicity/Multiplicity_data_and_MC_4260-eps-converted-to.pdf, id=17
3, 569.12625pt x 390.45876pt>
File: figures/Multiplicity/Multiplicity_data_and_MC_4260-eps-converted-to.pdf G
raphic file (type pdf)

<use figures/Multiplicity/Multiplicity_data_and_MC_4260-eps-converted-to.pdf>
Package pdftex.def Info: figures/Multiplicity/Multiplicity_data_and_MC_4260-eps
-converted-to.pdf used on input line 154.
(pdftex.def)             Requested size: 83.86197pt x 57.53555pt.
Package epstopdf Info: Source file: <figures/Multiplicity/Multiplicity_data_and
_MC_4420.eps>
(epstopdf)                    date: 2015-10-12 22:09:13
(epstopdf)                    size: 9543 bytes
(epstopdf)             Output file: <figures/Multiplicity/Multiplicity_data_and
_MC_4420-eps-converted-to.pdf>
(epstopdf)                    date: 2015-10-12 22:09:13
(epstopdf)                    size: 8128 bytes
(epstopdf)             Command: <repstopdf --outfile=figures/Multiplicity/Multi
plicity_data_and_MC_4420-eps-converted-to.pdf figures/Multiplicity/Multiplicity
_data_and_MC_4420.eps>
(epstopdf)             \includegraphics on input line 154.
Package epstopdf Info: Output file is already uptodate.

<figures/Multiplicity/Multiplicity_data_and_MC_4420-eps-converted-to.pdf, id=17
4, 569.12625pt x 390.45876pt>
File: figures/Multiplicity/Multiplicity_data_and_MC_4420-eps-converted-to.pdf G
raphic file (type pdf)

<use figures/Multiplicity/Multiplicity_data_and_MC_4420-eps-converted-to.pdf>
Package pdftex.def Info: figures/Multiplicity/Multiplicity_data_and_MC_4420-eps
-converted-to.pdf used on input line 154.
(pdftex.def)             Requested size: 83.86197pt x 57.53555pt.
Package epstopdf Info: Source file: <figures/Multiplicity/Multiplicity_data_sum
up.eps>
(epstopdf)                    date: 2015-10-13 13:31:55
(epstopdf)                    size: 7393 bytes
(epstopdf)             Output file: <figures/Multiplicity/Multiplicity_data_sum
up-eps-converted-to.pdf>
(epstopdf)                    date: 2015-10-13 13:34:34
(epstopdf)                    size: 6459 bytes
(epstopdf)             Command: <repstopdf --outfile=figures/Multiplicity/Multi
plicity_data_sumup-eps-converted-to.pdf figures/Multiplicity/Multiplicity_data_
sumup.eps>
(epstopdf)             \includegraphics on input line 154.
Package epstopdf Info: Output file is already uptodate.

<figures/Multiplicity/Multiplicity_data_sumup-eps-converted-to.pdf, id=175, 569
.12625pt x 385.44pt>
File: figures/Multiplicity/Multiplicity_data_sumup-eps-converted-to.pdf Graphic
 file (type pdf)

<use figures/Multiplicity/Multiplicity_data_sumup-eps-converted-to.pdf>
Package pdftex.def Info: figures/Multiplicity/Multiplicity_data_sumup-eps-conve
rted-to.pdf used on input line 154.
(pdftex.def)             Requested size: 154.03183pt x 104.3172pt.

[5

 <./figures/Multiplicity/Multiplicity_data_and_MC_4230-eps-converted-to.pdf> <.
/figures/Multiplicity/Multiplicity_data_and_MC_4360-eps-converted-to.pdf> <./fi
gures/Multiplicity/Multiplicity_data_and_MC_4260-eps-converted-to.pdf> <./figur
es/Multiplicity/Multiplicity_data_and_MC_4420-eps-converted-to.pdf> <./figures/
Multiplicity/Multiplicity_data_sumup-eps-converted-to.pdf>] [6

] [7

] [8

]
[9

]
Overfull \vbox (2.01pt too high) detected at line 261
 []

[10

]
Package epstopdf Info: Source file: <figures/PipihcInclusive_4420_signalMC_side
band_range.eps>
(epstopdf)                    date: 2015-10-12 22:09:12
(epstopdf)                    size: 9294 bytes
(epstopdf)             Output file: <figures/PipihcInclusive_4420_signalMC_side
band_range-eps-converted-to.pdf>
(epstopdf)                    date: 2015-10-12 22:09:12
(epstopdf)                    size: 7584 bytes
(epstopdf)             Command: <repstopdf --outfile=figures/PipihcInclusive_44
20_signalMC_sideband_range-eps-converted-to.pdf figures/PipihcInclusive_4420_si
gnalMC_sideband_range.eps>
(epstopdf)             \includegraphics on input line 311.
Package epstopdf Info: Output file is already uptodate.

<figures/PipihcInclusive_4420_signalMC_sideband_range-eps-converted-to.pdf, id=
379, 569.12625pt x 410.53375pt>
File: figures/PipihcInclusive_4420_signalMC_sideband_range-eps-converted-to.pdf
 Graphic file (type pdf)

<use figures/PipihcInclusive_4420_signalMC_sideband_range-eps-converted-to.pdf>
Package pdftex.def Info: figures/PipihcInclusive_4420_signalMC_sideband_range-e
ps-converted-to.pdf used on input line 311.
(pdftex.def)             Requested size: 119.80283pt x 86.41508pt.
Package epstopdf Info: Source file: <figures/PipihcInclusve_4230_pipi_sideband.
eps>
(epstopdf)                    date: 2015-10-12 22:09:12
(epstopdf)                    size: 9699 bytes
(epstopdf)             Output file: <figures/PipihcInclusve_4230_pipi_sideband-
eps-converted-to.pdf>
(epstopdf)                    date: 2015-10-12 22:09:12
(epstopdf)                    size: 8492 bytes
(epstopdf)             Command: <repstopdf --outfile=figures/PipihcInclusve_423
0_pipi_sideband-eps-converted-to.pdf figures/PipihcInclusve_4230_pipi_sideband.
eps>
(epstopdf)             \includegraphics on input line 311.
Package epstopdf Info: Output file is already uptodate.

<figures/PipihcInclusve_4230_pipi_sideband-eps-converted-to.pdf, id=380, 569.12
625pt x 385.44pt>
File: figures/PipihcInclusve_4230_pipi_sideband-eps-converted-to.pdf Graphic fi
le (type pdf)

<use figures/PipihcInclusve_4230_pipi_sideband-eps-converted-to.pdf>
Package pdftex.def Info: figures/PipihcInclusve_4230_pipi_sideband-eps-converte
d-to.pdf used on input line 311.
(pdftex.def)             Requested size: 119.80283pt x 81.13298pt.
Package epstopdf Info: Source file: <figures/PipihcExclusive_4230_pipi_cut.eps>

(epstopdf)                    date: 2015-10-12 22:09:12
(epstopdf)                    size: 8927 bytes
(epstopdf)             Output file: <figures/PipihcExclusive_4230_pipi_cut-eps-
converted-to.pdf>
(epstopdf)                    date: 2015-10-12 22:09:12
(epstopdf)                    size: 7099 bytes
(epstopdf)             Command: <repstopdf --outfile=figures/PipihcExclusive_42
30_pipi_cut-eps-converted-to.pdf figures/PipihcExclusive_4230_pipi_cut.eps>
(epstopdf)             \includegraphics on input line 311.
Package epstopdf Info: Output file is already uptodate.

<figures/PipihcExclusive_4230_pipi_cut-eps-converted-to.pdf, id=381, 569.12625p
t x 385.44pt>
File: figures/PipihcExclusive_4230_pipi_cut-eps-converted-to.pdf Graphic file (
type pdf)
 <use figures/PipihcExclusive_4230_pipi_cut-eps-converted-to.pdf>
Package pdftex.def Info: figures/PipihcExclusive_4230_pipi_cut-eps-converted-to
.pdf used on input line 311.
(pdftex.def)             Requested size: 84.71855pt x 57.37239pt.
Package epstopdf Info: Source file: <figures/PipihcExclusive_4260_pipi_cut.eps>

(epstopdf)                    date: 2015-10-12 22:09:12
(epstopdf)                    size: 8786 bytes
(epstopdf)             Output file: <figures/PipihcExclusive_4260_pipi_cut-eps-
converted-to.pdf>
(epstopdf)                    date: 2015-10-12 22:09:12
(epstopdf)                    size: 7200 bytes
(epstopdf)             Command: <repstopdf --outfile=figures/PipihcExclusive_42
60_pipi_cut-eps-converted-to.pdf figures/PipihcExclusive_4260_pipi_cut.eps>
(epstopdf)             \includegraphics on input line 311.
Package epstopdf Info: Output file is already uptodate.

<figures/PipihcExclusive_4260_pipi_cut-eps-converted-to.pdf, id=382, 569.12625p
t x 385.44pt>
File: figures/PipihcExclusive_4260_pipi_cut-eps-converted-to.pdf Graphic file (
type pdf)
 <use figures/PipihcExclusive_4260_pipi_cut-eps-converted-to.pdf>
Package pdftex.def Info: figures/PipihcExclusive_4260_pipi_cut-eps-converted-to
.pdf used on input line 311.
(pdftex.def)             Requested size: 84.71855pt x 57.37239pt.
Package epstopdf Info: Source file: <figures/PipihcExclusive_4360_pipi_cut.eps>

(epstopdf)                    date: 2015-10-12 22:09:12
(epstopdf)                    size: 8906 bytes
(epstopdf)             Output file: <figures/PipihcExclusive_4360_pipi_cut-eps-
converted-to.pdf>
(epstopdf)                    date: 2015-10-12 22:09:12
(epstopdf)                    size: 7075 bytes
(epstopdf)             Command: <repstopdf --outfile=figures/PipihcExclusive_43
60_pipi_cut-eps-converted-to.pdf figures/PipihcExclusive_4360_pipi_cut.eps>
(epstopdf)             \includegraphics on input line 311.
Package epstopdf Info: Output file is already uptodate.

<figures/PipihcExclusive_4360_pipi_cut-eps-converted-to.pdf, id=383, 569.12625p
t x 385.44pt>
File: figures/PipihcExclusive_4360_pipi_cut-eps-converted-to.pdf Graphic file (
type pdf)
 <use figures/PipihcExclusive_4360_pipi_cut-eps-converted-to.pdf>
Package pdftex.def Info: figures/PipihcExclusive_4360_pipi_cut-eps-converted-to
.pdf used on input line 311.
(pdftex.def)             Requested size: 84.71855pt x 57.37239pt.
Package epstopdf Info: Source file: <figures/PipihcExclusive_4420_pipi_cut.eps>

(epstopdf)                    date: 2015-10-12 22:09:12
(epstopdf)                    size: 9313 bytes
(epstopdf)             Output file: <figures/PipihcExclusive_4420_pipi_cut-eps-
converted-to.pdf>
(epstopdf)                    date: 2015-10-12 22:09:12
(epstopdf)                    size: 7251 bytes
(epstopdf)             Command: <repstopdf --outfile=figures/PipihcExclusive_44
20_pipi_cut-eps-converted-to.pdf figures/PipihcExclusive_4420_pipi_cut.eps>
(epstopdf)             \includegraphics on input line 311.
Package epstopdf Info: Output file is already uptodate.

<figures/PipihcExclusive_4420_pipi_cut-eps-converted-to.pdf, id=384, 569.12625p
t x 385.44pt>
File: figures/PipihcExclusive_4420_pipi_cut-eps-converted-to.pdf Graphic file (
type pdf)
 <use figures/PipihcExclusive_4420_pipi_cut-eps-converted-to.pdf>
Package pdftex.def Info: figures/PipihcExclusive_4420_pipi_cut-eps-converted-to
.pdf used on input line 311.
(pdftex.def)             Requested size: 84.71855pt x 57.37239pt.

[11

 <./figures/PipihcInclusive_4420_signalMC_sideband_range-eps-converted-to.pdf> 
<./figures/PipihcInclusve_4230_pipi_sideband-eps-converted-to.pdf> <./figures/P
ipihcExclusive_4230_pipi_cut-eps-converted-to.pdf> <./figures/PipihcExclusive_4
260_pipi_cut-eps-converted-to.pdf> <./figures/PipihcExclusive_4360_pipi_cut-eps
-converted-to.pdf> <./figures/PipihcExclusive_4420_pipi_cut-eps-converted-to.pd
f>]
Package epstopdf Info: Source file: <figures/PipihcExclusive_optimization_chisq
4c_min_total_pipipipipi0pi0_at_4230.eps>
(epstopdf)                    date: 2015-10-12 22:09:12
(epstopdf)                    size: 11349 bytes
(epstopdf)             Output file: <figures/PipihcExclusive_optimization_chisq
4c_min_total_pipipipipi0pi0_at_4230-eps-converted-to.pdf>
(epstopdf)                    date: 2015-10-12 22:09:13
(epstopdf)                    size: 10053 bytes
(epstopdf)             Command: <repstopdf --outfile=figures/PipihcExclusive_op
timization_chisq4c_min_total_pipipipipi0pi0_at_4230-eps-converted-to.pdf figure
s/PipihcExclusive_optimization_chisq4c_min_total_pipipipipi0pi0_at_4230.eps>
(epstopdf)             \includegraphics on input line 359.
Package epstopdf Info: Output file is already uptodate.

<figures/PipihcExclusive_optimization_chisq4c_min_total_pipipipipi0pi0_at_4230-
eps-converted-to.pdf, id=446, 569.12625pt x 385.44pt>
File: figures/PipihcExclusive_optimization_chisq4c_min_total_pipipipipi0pi0_at_
4230-eps-converted-to.pdf Graphic file (type pdf)

<use figures/PipihcExclusive_optimization_chisq4c_min_total_pipipipipi0pi0_at_4
230-eps-converted-to.pdf>
Package pdftex.def Info: figures/PipihcExclusive_optimization_chisq4c_min_total
_pipipipipi0pi0_at_4230-eps-converted-to.pdf used on input line 359.
(pdftex.def)             Requested size: 84.71855pt x 57.37239pt.
Package epstopdf Info: Source file: <figures/PipihcExclusive_optimization_chisq
4c_min_total_pipipipipi0pi0_at_4260.eps>
(epstopdf)                    date: 2015-10-12 22:09:13
(epstopdf)                    size: 13984 bytes
(epstopdf)             Output file: <figures/PipihcExclusive_optimization_chisq
4c_min_total_pipipipipi0pi0_at_4260-eps-converted-to.pdf>
(epstopdf)                    date: 2015-10-12 22:09:13
(epstopdf)                    size: 11041 bytes
(epstopdf)             Command: <repstopdf --outfile=figures/PipihcExclusive_op
timization_chisq4c_min_total_pipipipipi0pi0_at_4260-eps-converted-to.pdf figure
s/PipihcExclusive_optimization_chisq4c_min_total_pipipipipi0pi0_at_4260.eps>
(epstopdf)             \includegraphics on input line 359.
Package epstopdf Info: Output file is already uptodate.

<figures/PipihcExclusive_optimization_chisq4c_min_total_pipipipipi0pi0_at_4260-
eps-converted-to.pdf, id=447, 569.12625pt x 385.44pt>
File: figures/PipihcExclusive_optimization_chisq4c_min_total_pipipipipi0pi0_at_
4260-eps-converted-to.pdf Graphic file (type pdf)

<use figures/PipihcExclusive_optimization_chisq4c_min_total_pipipipipi0pi0_at_4
260-eps-converted-to.pdf>
Package pdftex.def Info: figures/PipihcExclusive_optimization_chisq4c_min_total
_pipipipipi0pi0_at_4260-eps-converted-to.pdf used on input line 359.
(pdftex.def)             Requested size: 84.71855pt x 57.37239pt.
Package epstopdf Info: Source file: <figures/PipihcExclusive_optimization_chisq
4c_min_total_pipipipipi0pi0_at_4360.eps>
(epstopdf)                    date: 2015-10-12 22:09:13
(epstopdf)                    size: 13151 bytes
(epstopdf)             Output file: <figures/PipihcExclusive_optimization_chisq
4c_min_total_pipipipipi0pi0_at_4360-eps-converted-to.pdf>
(epstopdf)                    date: 2015-10-12 22:09:13
(epstopdf)                    size: 10747 bytes
(epstopdf)             Command: <repstopdf --outfile=figures/PipihcExclusive_op
timization_chisq4c_min_total_pipipipipi0pi0_at_4360-eps-converted-to.pdf figure
s/PipihcExclusive_optimization_chisq4c_min_total_pipipipipi0pi0_at_4360.eps>
(epstopdf)             \includegraphics on input line 359.
Package epstopdf Info: Output file is already uptodate.

<figures/PipihcExclusive_optimization_chisq4c_min_total_pipipipipi0pi0_at_4360-
eps-converted-to.pdf, id=448, 569.12625pt x 385.44pt>
File: figures/PipihcExclusive_optimization_chisq4c_min_total_pipipipipi0pi0_at_
4360-eps-converted-to.pdf Graphic file (type pdf)

<use figures/PipihcExclusive_optimization_chisq4c_min_total_pipipipipi0pi0_at_4
360-eps-converted-to.pdf>
Package pdftex.def Info: figures/PipihcExclusive_optimization_chisq4c_min_total
_pipipipipi0pi0_at_4360-eps-converted-to.pdf used on input line 359.
(pdftex.def)             Requested size: 84.71855pt x 57.37239pt.
Package epstopdf Info: Source file: <figures/PipihcExclusive_optimization_chisq
4c_min_total_pipipipipi0pi0_at_4420.eps>
(epstopdf)                    date: 2015-10-12 22:09:13
(epstopdf)                    size: 11375 bytes
(epstopdf)             Output file: <figures/PipihcExclusive_optimization_chisq
4c_min_total_pipipipipi0pi0_at_4420-eps-converted-to.pdf>
(epstopdf)                    date: 2015-10-12 22:09:13
(epstopdf)                    size: 10014 bytes
(epstopdf)             Command: <repstopdf --outfile=figures/PipihcExclusive_op
timization_chisq4c_min_total_pipipipipi0pi0_at_4420-eps-converted-to.pdf figure
s/PipihcExclusive_optimization_chisq4c_min_total_pipipipipi0pi0_at_4420.eps>
(epstopdf)             \includegraphics on input line 359.
Package epstopdf Info: Output file is already uptodate.

<figures/PipihcExclusive_optimization_chisq4c_min_total_pipipipipi0pi0_at_4420-
eps-converted-to.pdf, id=449, 569.12625pt x 385.44pt>
File: figures/PipihcExclusive_optimization_chisq4c_min_total_pipipipipi0pi0_at_
4420-eps-converted-to.pdf Graphic file (type pdf)

<use figures/PipihcExclusive_optimization_chisq4c_min_total_pipipipipi0pi0_at_4
420-eps-converted-to.pdf>
Package pdftex.def Info: figures/PipihcExclusive_optimization_chisq4c_min_total
_pipipipipi0pi0_at_4420-eps-converted-to.pdf used on input line 359.
(pdftex.def)             Requested size: 84.71855pt x 57.37239pt.
 [12

 <./figures/PipihcExclusive_optimization_chisq4c_min_total_pipipipipi0pi0_at_42
30-eps-converted-to.pdf> <./figures/PipihcExclusive_optimization_chisq4c_min_to
tal_pipipipipi0pi0_at_4260-eps-converted-to.pdf> <./figures/PipihcExclusive_opt
imization_chisq4c_min_total_pipipipipi0pi0_at_4360-eps-converted-to.pdf> <./fig
ures/PipihcExclusive_optimization_chisq4c_min_total_pipipipipi0pi0_at_4420-eps-
converted-to.pdf>]
Package epstopdf Info: Source file: <figures/PipihcInclusive_4230_data_sideband
_2.eps>
(epstopdf)                    date: 2015-10-12 22:09:12
(epstopdf)                    size: 22174 bytes
(epstopdf)             Output file: <figures/PipihcInclusive_4230_data_sideband
_2-eps-converted-to.pdf>
(epstopdf)                    date: 2015-10-12 22:09:12
(epstopdf)                    size: 15404 bytes
(epstopdf)             Command: <repstopdf --outfile=figures/PipihcInclusive_42
30_data_sideband_2-eps-converted-to.pdf figures/PipihcInclusive_4230_data_sideb
and_2.eps>
(epstopdf)             \includegraphics on input line 383.
Package epstopdf Info: Output file is already uptodate.

<figures/PipihcInclusive_4230_data_sideband_2-eps-converted-to.pdf, id=516, 569
.12625pt x 694.595pt>
File: figures/PipihcInclusive_4230_data_sideband_2-eps-converted-to.pdf Graphic
 file (type pdf)

<use figures/PipihcInclusive_4230_data_sideband_2-eps-converted-to.pdf>
Package pdftex.def Info: figures/PipihcInclusive_4230_data_sideband_2-eps-conve
rted-to.pdf used on input line 383.
(pdftex.def)             Requested size: 154.03183pt x 187.9883pt.
Package epstopdf Info: Source file: <figures/PipihcInclusive_4260_data_sideband
_2.eps>
(epstopdf)                    date: 2015-10-12 22:09:12
(epstopdf)                    size: 20792 bytes
(epstopdf)             Output file: <figures/PipihcInclusive_4260_data_sideband
_2-eps-converted-to.pdf>
(epstopdf)                    date: 2015-10-12 22:09:12
(epstopdf)                    size: 14102 bytes
(epstopdf)             Command: <repstopdf --outfile=figures/PipihcInclusive_42
60_data_sideband_2-eps-converted-to.pdf figures/PipihcInclusive_4260_data_sideb
and_2.eps>
(epstopdf)             \includegraphics on input line 383.
Package epstopdf Info: Output file is already uptodate.

<figures/PipihcInclusive_4260_data_sideband_2-eps-converted-to.pdf, id=517, 569
.12625pt x 696.6025pt>
File: figures/PipihcInclusive_4260_data_sideband_2-eps-converted-to.pdf Graphic
 file (type pdf)

<use figures/PipihcInclusive_4260_data_sideband_2-eps-converted-to.pdf>
Package pdftex.def Info: figures/PipihcInclusive_4260_data_sideband_2-eps-conve
rted-to.pdf used on input line 383.
(pdftex.def)             Requested size: 154.03183pt x 188.53162pt.

[13

 <./figures/PipihcInclusive_4230_data_sideband_2-eps-converted-to.pdf> <./figur
es/PipihcInclusive_4260_data_sideband_2-eps-converted-to.pdf>]
Package epstopdf Info: Source file: <figures/PipihcInclusive_4360_data_sideband
_2.eps>
(epstopdf)                    date: 2015-10-12 22:09:12
(epstopdf)                    size: 21796 bytes
(epstopdf)             Output file: <figures/PipihcInclusive_4360_data_sideband
_2-eps-converted-to.pdf>
(epstopdf)                    date: 2015-10-12 22:09:12
(epstopdf)                    size: 14149 bytes
(epstopdf)             Command: <repstopdf --outfile=figures/PipihcInclusive_43
60_data_sideband_2-eps-converted-to.pdf figures/PipihcInclusive_4360_data_sideb
and_2.eps>
(epstopdf)             \includegraphics on input line 404.
Package epstopdf Info: Output file is already uptodate.

<figures/PipihcInclusive_4360_data_sideband_2-eps-converted-to.pdf, id=567, 569
.12625pt x 696.6025pt>
File: figures/PipihcInclusive_4360_data_sideband_2-eps-converted-to.pdf Graphic
 file (type pdf)

<use figures/PipihcInclusive_4360_data_sideband_2-eps-converted-to.pdf>
Package pdftex.def Info: figures/PipihcInclusive_4360_data_sideband_2-eps-conve
rted-to.pdf used on input line 404.
(pdftex.def)             Requested size: 154.03183pt x 188.53162pt.
Package epstopdf Info: Source file: <figures/PipihcInclusive_4420_data_sideband
_2.eps>
(epstopdf)                    date: 2015-10-12 22:09:12
(epstopdf)                    size: 21122 bytes
(epstopdf)             Output file: <figures/PipihcInclusive_4420_data_sideband
_2-eps-converted-to.pdf>
(epstopdf)                    date: 2015-10-12 22:09:12
(epstopdf)                    size: 14252 bytes
(epstopdf)             Command: <repstopdf --outfile=figures/PipihcInclusive_44
20_data_sideband_2-eps-converted-to.pdf figures/PipihcInclusive_4420_data_sideb
and_2.eps>
(epstopdf)             \includegraphics on input line 404.
Package epstopdf Info: Output file is already uptodate.

<figures/PipihcInclusive_4420_data_sideband_2-eps-converted-to.pdf, id=568, 569
.12625pt x 696.6025pt>
File: figures/PipihcInclusive_4420_data_sideband_2-eps-converted-to.pdf Graphic
 file (type pdf)

<use figures/PipihcInclusive_4420_data_sideband_2-eps-converted-to.pdf>
Package pdftex.def Info: figures/PipihcInclusive_4420_data_sideband_2-eps-conve
rted-to.pdf used on input line 404.
(pdftex.def)             Requested size: 154.03183pt x 188.53162pt.

[14

 <./figures/PipihcInclusive_4360_data_sideband_2-eps-converted-to.pdf> <./figur
es/PipihcInclusive_4420_data_sideband_2-eps-converted-to.pdf>] [15

]
Package epstopdf Info: Source file: <figures/KKpi0/PipihcExclusive_efficiency_c
urve_KKpi0_at_4230.eps>
(epstopdf)                    date: 2015-10-13 05:12:26
(epstopdf)                    size: 18154 bytes
(epstopdf)             Output file: <figures/KKpi0/PipihcExclusive_efficiency_c
urve_KKpi0_at_4230-eps-converted-to.pdf>
(epstopdf)                    date: 2015-10-13 05:15:50
(epstopdf)                    size: 13219 bytes
(epstopdf)             Command: <repstopdf --outfile=figures/KKpi0/PipihcExclus
ive_efficiency_curve_KKpi0_at_4230-eps-converted-to.pdf figures/KKpi0/PipihcExc
lusive_efficiency_curve_KKpi0_at_4230.eps>
(epstopdf)             \includegraphics on input line 487.
Package epstopdf Info: Output file is already uptodate.

<figures/KKpi0/PipihcExclusive_efficiency_curve_KKpi0_at_4230-eps-converted-to.
pdf, id=645, 569.12625pt x 390.45876pt>
File: figures/KKpi0/PipihcExclusive_efficiency_curve_KKpi0_at_4230-eps-converte
d-to.pdf Graphic file (type pdf)

<use figures/KKpi0/PipihcExclusive_efficiency_curve_KKpi0_at_4230-eps-converted
-to.pdf>
Package pdftex.def Info: figures/KKpi0/PipihcExclusive_efficiency_curve_KKpi0_a
t_4230-eps-converted-to.pdf used on input line 487.
(pdftex.def)             Requested size: 77.01591pt x 52.83476pt.
Package epstopdf Info: Source file: <figures/KKpi0/PipihcExclusive_efficiency_c
urve_KKpi0_at_4360.eps>
(epstopdf)                    date: 2015-10-13 05:12:27
(epstopdf)                    size: 18463 bytes
(epstopdf)             Output file: <figures/KKpi0/PipihcExclusive_efficiency_c
urve_KKpi0_at_4360-eps-converted-to.pdf>
(epstopdf)                    date: 2015-10-13 05:15:51
(epstopdf)                    size: 13293 bytes
(epstopdf)             Command: <repstopdf --outfile=figures/KKpi0/PipihcExclus
ive_efficiency_curve_KKpi0_at_4360-eps-converted-to.pdf figures/KKpi0/PipihcExc
lusive_efficiency_curve_KKpi0_at_4360.eps>
(epstopdf)             \includegraphics on input line 487.
Package epstopdf Info: Output file is already uptodate.

<figures/KKpi0/PipihcExclusive_efficiency_curve_KKpi0_at_4360-eps-converted-to.
pdf, id=646, 569.12625pt x 390.45876pt>
File: figures/KKpi0/PipihcExclusive_efficiency_curve_KKpi0_at_4360-eps-converte
d-to.pdf Graphic file (type pdf)

<use figures/KKpi0/PipihcExclusive_efficiency_curve_KKpi0_at_4360-eps-converted
-to.pdf>
Package pdftex.def Info: figures/KKpi0/PipihcExclusive_efficiency_curve_KKpi0_a
t_4360-eps-converted-to.pdf used on input line 487.
(pdftex.def)             Requested size: 77.01591pt x 52.83476pt.
Package epstopdf Info: Source file: <figures/KKpi0/PipihcExclusive_efficiency_c
urve_KKpi0_at_4260.eps>
(epstopdf)                    date: 2015-10-13 05:12:26
(epstopdf)                    size: 18154 bytes
(epstopdf)             Output file: <figures/KKpi0/PipihcExclusive_efficiency_c
urve_KKpi0_at_4260-eps-converted-to.pdf>
(epstopdf)                    date: 2015-10-13 05:15:52
(epstopdf)                    size: 13174 bytes
(epstopdf)             Command: <repstopdf --outfile=figures/KKpi0/PipihcExclus
ive_efficiency_curve_KKpi0_at_4260-eps-converted-to.pdf figures/KKpi0/PipihcExc
lusive_efficiency_curve_KKpi0_at_4260.eps>
(epstopdf)             \includegraphics on input line 487.
Package epstopdf Info: Output file is already uptodate.

<figures/KKpi0/PipihcExclusive_efficiency_curve_KKpi0_at_4260-eps-converted-to.
pdf, id=647, 569.12625pt x 390.45876pt>
File: figures/KKpi0/PipihcExclusive_efficiency_curve_KKpi0_at_4260-eps-converte
d-to.pdf Graphic file (type pdf)

<use figures/KKpi0/PipihcExclusive_efficiency_curve_KKpi0_at_4260-eps-converted
-to.pdf>
Package pdftex.def Info: figures/KKpi0/PipihcExclusive_efficiency_curve_KKpi0_a
t_4260-eps-converted-to.pdf used on input line 487.
(pdftex.def)             Requested size: 77.01591pt x 52.83476pt.
Package epstopdf Info: Source file: <figures/KKpi0/PipihcExclusive_efficiency_c
urve_KKpi0_at_4420.eps>
(epstopdf)                    date: 2015-10-13 05:12:27
(epstopdf)                    size: 18443 bytes
(epstopdf)             Output file: <figures/KKpi0/PipihcExclusive_efficiency_c
urve_KKpi0_at_4420-eps-converted-to.pdf>
(epstopdf)                    date: 2015-10-13 05:15:53
(epstopdf)                    size: 13226 bytes
(epstopdf)             Command: <repstopdf --outfile=figures/KKpi0/PipihcExclus
ive_efficiency_curve_KKpi0_at_4420-eps-converted-to.pdf figures/KKpi0/PipihcExc
lusive_efficiency_curve_KKpi0_at_4420.eps>
(epstopdf)             \includegraphics on input line 487.
Package epstopdf Info: Output file is already uptodate.

<figures/KKpi0/PipihcExclusive_efficiency_curve_KKpi0_at_4420-eps-converted-to.
pdf, id=648, 569.12625pt x 390.45876pt>
File: figures/KKpi0/PipihcExclusive_efficiency_curve_KKpi0_at_4420-eps-converte
d-to.pdf Graphic file (type pdf)

<use figures/KKpi0/PipihcExclusive_efficiency_curve_KKpi0_at_4420-eps-converted
-to.pdf>
Package pdftex.def Info: figures/KKpi0/PipihcExclusive_efficiency_curve_KKpi0_a
t_4420-eps-converted-to.pdf used on input line 487.
(pdftex.def)             Requested size: 77.01591pt x 52.83476pt.
Package epstopdf Info: Source file: <figures/Pipihc_Inclusive_4230_efficiency_c
urve.eps>
(epstopdf)                    date: 2015-10-12 22:09:12
(epstopdf)                    size: 18970 bytes
(epstopdf)             Output file: <figures/Pipihc_Inclusive_4230_efficiency_c
urve-eps-converted-to.pdf>
(epstopdf)                    date: 2015-10-12 22:09:12
(epstopdf)                    size: 12628 bytes
(epstopdf)             Command: <repstopdf --outfile=figures/Pipihc_Inclusive_4
230_efficiency_curve-eps-converted-to.pdf figures/Pipihc_Inclusive_4230_efficie
ncy_curve.eps>
(epstopdf)             \includegraphics on input line 487.
Package epstopdf Info: Output file is already uptodate.

<figures/Pipihc_Inclusive_4230_efficiency_curve-eps-converted-to.pdf, id=649, 5
69.12625pt x 390.45876pt>
File: figures/Pipihc_Inclusive_4230_efficiency_curve-eps-converted-to.pdf Graph
ic file (type pdf)

<use figures/Pipihc_Inclusive_4230_efficiency_curve-eps-converted-to.pdf>
Package pdftex.def Info: figures/Pipihc_Inclusive_4230_efficiency_curve-eps-con
verted-to.pdf used on input line 487.
(pdftex.def)             Requested size: 77.01591pt x 52.83476pt.
Package epstopdf Info: Source file: <figures/Pipihc_Inclusive_4360_efficiency_c
urve.eps>
(epstopdf)                    date: 2015-10-12 22:09:12
(epstopdf)                    size: 18632 bytes
(epstopdf)             Output file: <figures/Pipihc_Inclusive_4360_efficiency_c
urve-eps-converted-to.pdf>
(epstopdf)                    date: 2015-10-12 22:09:12
(epstopdf)                    size: 12592 bytes
(epstopdf)             Command: <repstopdf --outfile=figures/Pipihc_Inclusive_4
360_efficiency_curve-eps-converted-to.pdf figures/Pipihc_Inclusive_4360_efficie
ncy_curve.eps>
(epstopdf)             \includegraphics on input line 487.
Package epstopdf Info: Output file is already uptodate.

<figures/Pipihc_Inclusive_4360_efficiency_curve-eps-converted-to.pdf, id=650, 5
69.12625pt x 393.47pt>
File: figures/Pipihc_Inclusive_4360_efficiency_curve-eps-converted-to.pdf Graph
ic file (type pdf)

<use figures/Pipihc_Inclusive_4360_efficiency_curve-eps-converted-to.pdf>
Package pdftex.def Info: figures/Pipihc_Inclusive_4360_efficiency_curve-eps-con
verted-to.pdf used on input line 487.
(pdftex.def)             Requested size: 77.01591pt x 53.24223pt.
Package epstopdf Info: Source file: <figures/Pipihc_Inclusive_4260_efficiency_c
urve.eps>
(epstopdf)                    date: 2015-10-12 22:09:12
(epstopdf)                    size: 18885 bytes
(epstopdf)             Output file: <figures/Pipihc_Inclusive_4260_efficiency_c
urve-eps-converted-to.pdf>
(epstopdf)                    date: 2015-10-12 22:09:12
(epstopdf)                    size: 12555 bytes
(epstopdf)             Command: <repstopdf --outfile=figures/Pipihc_Inclusive_4
260_efficiency_curve-eps-converted-to.pdf figures/Pipihc_Inclusive_4260_efficie
ncy_curve.eps>
(epstopdf)             \includegraphics on input line 487.
Package epstopdf Info: Output file is already uptodate.

<figures/Pipihc_Inclusive_4260_efficiency_curve-eps-converted-to.pdf, id=651, 5
69.12625pt x 390.45876pt>
File: figures/Pipihc_Inclusive_4260_efficiency_curve-eps-converted-to.pdf Graph
ic file (type pdf)

<use figures/Pipihc_Inclusive_4260_efficiency_curve-eps-converted-to.pdf>
Package pdftex.def Info: figures/Pipihc_Inclusive_4260_efficiency_curve-eps-con
verted-to.pdf used on input line 487.
(pdftex.def)             Requested size: 77.01591pt x 52.83476pt.
Package epstopdf Info: Source file: <figures/Pipihc_Inclusive_4420_efficiency_c
urve.eps>
(epstopdf)                    date: 2015-10-12 22:09:12
(epstopdf)                    size: 19219 bytes
(epstopdf)             Output file: <figures/Pipihc_Inclusive_4420_efficiency_c
urve-eps-converted-to.pdf>
(epstopdf)                    date: 2015-10-12 22:09:12
(epstopdf)                    size: 12569 bytes
(epstopdf)             Command: <repstopdf --outfile=figures/Pipihc_Inclusive_4
420_efficiency_curve-eps-converted-to.pdf figures/Pipihc_Inclusive_4420_efficie
ncy_curve.eps>
(epstopdf)             \includegraphics on input line 487.
Package epstopdf Info: Output file is already uptodate.

<figures/Pipihc_Inclusive_4420_efficiency_curve-eps-converted-to.pdf, id=652, 5
69.12625pt x 390.45876pt>
File: figures/Pipihc_Inclusive_4420_efficiency_curve-eps-converted-to.pdf Graph
ic file (type pdf)

<use figures/Pipihc_Inclusive_4420_efficiency_curve-eps-converted-to.pdf>
Package pdftex.def Info: figures/Pipihc_Inclusive_4420_efficiency_curve-eps-con
verted-to.pdf used on input line 487.
(pdftex.def)             Requested size: 77.01591pt x 52.83476pt.

[16

 <./figures/KKpi0/PipihcExclusive_efficiency_curve_KKpi0_at_4230-eps-converted-
to.pdf> <./figures/KKpi0/PipihcExclusive_efficiency_curve_KKpi0_at_4360-eps-con
verted-to.pdf> <./figures/KKpi0/PipihcExclusive_efficiency_curve_KKpi0_at_4260-
eps-converted-to.pdf> <./figures/KKpi0/PipihcExclusive_efficiency_curve_KKpi0_a
t_4420-eps-converted-to.pdf> <./figures/Pipihc_Inclusive_4230_efficiency_curve-
eps-converted-to.pdf> <./figures/Pipihc_Inclusive_4360_efficiency_curve-eps-con
verted-to.pdf> <./figures/Pipihc_Inclusive_4260_efficiency_curve-eps-converted-
to.pdf> <./figures/Pipihc_Inclusive_4420_efficiency_curve-eps-converted-to.pdf>
]
Overfull \vbox (2.6521pt too high) detected at line 517
 []


Overfull \vbox (9.678pt too high) detected at line 517
 []

[17

]
Package epstopdf Info: Source file: <figures/KKpi0/PipihcKKpi0_data_fit_simulta
neous.eps>
(epstopdf)                    date: 2015-10-13 05:10:52
(epstopdf)                    size: 129793 bytes
(epstopdf)             Output file: <figures/KKpi0/PipihcKKpi0_data_fit_simulta
neous-eps-converted-to.pdf>
(epstopdf)                    date: 2015-10-13 05:15:54
(epstopdf)                    size: 57239 bytes
(epstopdf)             Command: <repstopdf --outfile=figures/KKpi0/PipihcKKpi0_
data_fit_simultaneous-eps-converted-to.pdf figures/KKpi0/PipihcKKpi0_data_fit_s
imultaneous.eps>
(epstopdf)             \includegraphics on input line 526.
Package epstopdf Info: Output file is already uptodate.

<figures/KKpi0/PipihcKKpi0_data_fit_simultaneous-eps-converted-to.pdf, id=777, 
569.12625pt x 417.56pt>
File: figures/KKpi0/PipihcKKpi0_data_fit_simultaneous-eps-converted-to.pdf Grap
hic file (type pdf)

<use figures/KKpi0/PipihcKKpi0_data_fit_simultaneous-eps-converted-to.pdf>
Package pdftex.def Info: figures/KKpi0/PipihcKKpi0_data_fit_simultaneous-eps-co
nverted-to.pdf used on input line 526.
(pdftex.def)             Requested size: 308.06367pt x 226.03334pt.

Overfull \vbox (7.81522pt too high) detected at line 526
 []

[18

 <./figures/KKpi0/PipihcKKpi0_data_fit_simultaneous-eps-converted-to.pdf>]
Overfull \vbox (3.80862pt too high) detected at line 555
 []

[19

]
Package epstopdf Info: Source file: <figures/signal_data_after_optimized_select
ions_4230.eps>
(epstopdf)                    date: 2015-10-12 22:09:13
(epstopdf)                    size: 7664 bytes
(epstopdf)             Output file: <figures/signal_data_after_optimized_select
ions_4230-eps-converted-to.pdf>
(epstopdf)                    date: 2015-10-13 01:05:22
(epstopdf)                    size: 7548 bytes
(epstopdf)             Command: <repstopdf --outfile=figures/signal_data_after_
optimized_selections_4230-eps-converted-to.pdf figures/signal_data_after_optimi
zed_selections_4230.eps>
(epstopdf)             \includegraphics on input line 583.
Package epstopdf Info: Output file is already uptodate.

<figures/signal_data_after_optimized_selections_4230-eps-converted-to.pdf, id=8
41, 569.12625pt x 385.44pt>
File: figures/signal_data_after_optimized_selections_4230-eps-converted-to.pdf 
Graphic file (type pdf)

<use figures/signal_data_after_optimized_selections_4230-eps-converted-to.pdf>
Package pdftex.def Info: figures/signal_data_after_optimized_selections_4230-ep
s-converted-to.pdf used on input line 583.
(pdftex.def)             Requested size: 169.4371pt x 114.75069pt.
Package epstopdf Info: Source file: <figures/signal_data_after_optimized_select
ions_4360.eps>
(epstopdf)                    date: 2015-10-12 22:09:13
(epstopdf)                    size: 7789 bytes
(epstopdf)             Output file: <figures/signal_data_after_optimized_select
ions_4360-eps-converted-to.pdf>
(epstopdf)                    date: 2015-10-12 22:09:13
(epstopdf)                    size: 7615 bytes
(epstopdf)             Command: <repstopdf --outfile=figures/signal_data_after_
optimized_selections_4360-eps-converted-to.pdf figures/signal_data_after_optimi
zed_selections_4360.eps>
(epstopdf)             \includegraphics on input line 583.
Package epstopdf Info: Output file is already uptodate.

<figures/signal_data_after_optimized_selections_4360-eps-converted-to.pdf, id=8
42, 569.12625pt x 385.44pt>
File: figures/signal_data_after_optimized_selections_4360-eps-converted-to.pdf 
Graphic file (type pdf)

<use figures/signal_data_after_optimized_selections_4360-eps-converted-to.pdf>
Package pdftex.def Info: figures/signal_data_after_optimized_selections_4360-ep
s-converted-to.pdf used on input line 583.
(pdftex.def)             Requested size: 169.4371pt x 114.75069pt.
Package epstopdf Info: Source file: <figures/signal_data_after_optimized_select
ions_4260.eps>
(epstopdf)                    date: 2015-10-12 22:09:13
(epstopdf)                    size: 7903 bytes
(epstopdf)             Output file: <figures/signal_data_after_optimized_select
ions_4260-eps-converted-to.pdf>
(epstopdf)                    date: 2015-10-12 22:09:13
(epstopdf)                    size: 7633 bytes
(epstopdf)             Command: <repstopdf --outfile=figures/signal_data_after_
optimized_selections_4260-eps-converted-to.pdf figures/signal_data_after_optimi
zed_selections_4260.eps>
(epstopdf)             \includegraphics on input line 583.
Package epstopdf Info: Output file is already uptodate.

<figures/signal_data_after_optimized_selections_4260-eps-converted-to.pdf, id=8
43, 569.12625pt x 385.44pt>
File: figures/signal_data_after_optimized_selections_4260-eps-converted-to.pdf 
Graphic file (type pdf)

<use figures/signal_data_after_optimized_selections_4260-eps-converted-to.pdf>
Package pdftex.def Info: figures/signal_data_after_optimized_selections_4260-ep
s-converted-to.pdf used on input line 583.
(pdftex.def)             Requested size: 169.4371pt x 114.75069pt.
Package epstopdf Info: Source file: <figures/signal_data_after_optimized_select
ions_4420.eps>
(epstopdf)                    date: 2015-10-12 22:09:13
(epstopdf)                    size: 8441 bytes
(epstopdf)             Output file: <figures/signal_data_after_optimized_select
ions_4420-eps-converted-to.pdf>
(epstopdf)                    date: 2015-10-12 22:09:13
(epstopdf)                    size: 7710 bytes
(epstopdf)             Command: <repstopdf --outfile=figures/signal_data_after_
optimized_selections_4420-eps-converted-to.pdf figures/signal_data_after_optimi
zed_selections_4420.eps>
(epstopdf)             \includegraphics on input line 583.
Package epstopdf Info: Output file is already uptodate.

<figures/signal_data_after_optimized_selections_4420-eps-converted-to.pdf, id=8
44, 569.12625pt x 385.44pt>
File: figures/signal_data_after_optimized_selections_4420-eps-converted-to.pdf 
Graphic file (type pdf)

<use figures/signal_data_after_optimized_selections_4420-eps-converted-to.pdf>
Package pdftex.def Info: figures/signal_data_after_optimized_selections_4420-ep
s-converted-to.pdf used on input line 583.
(pdftex.def)             Requested size: 169.4371pt x 114.75069pt.

Overfull \vbox (8.97452pt too high) detected at line 583
 []

[20

 <./figures/signal_data_after_optimized_selections_4230-eps-converted-to.pdf> <
./figures/signal_data_after_optimized_selections_4360-eps-converted-to.pdf> <./
figures/signal_data_after_optimized_selections_4260-eps-converted-to.pdf> <./fi
gures/signal_data_after_optimized_selections_4420-eps-converted-to.pdf>]
[21

]
\tf@nav=\write6
\openout6 = `report.nav'.

\tf@toc=\write7
\openout7 = `report.toc'.

\tf@snm=\write8
\openout8 = `report.snm'.

Package atveryend Info: Empty hook `BeforeClearDocument' on input line 593.
Package atveryend Info: Empty hook `AfterLastShipout' on input line 593.
 (./report.aux)
Package atveryend Info: Executing hook `AtVeryEndDocument' on input line 593.
Package atveryend Info: Executing hook `AtEndAfterFileList' on input line 593.
Package rerunfilecheck Info: File `report.out' has not changed.
(rerunfilecheck)             Checksum: D41D8CD98F00B204E9800998ECF8427E;0.


LaTeX Font Warning: Size substitutions with differences
(Font)              up to 1.0pt have occurred.

Package atveryend Info: Empty hook `AtVeryVeryEnd' on input line 593.
 ) 
Here is how much of TeX's memory you used:
 17312 strings out of 493105
 339989 string characters out of 6137073
 417187 words of memory out of 5000000
 20238 multiletter control sequences out of 15000+600000
 20797 words of font info for 82 fonts, out of 8000000 for 9000
 1141 hyphenation exceptions out of 8191
 56i,16n,60p,386b,848s stack positions out of 5000i,500n,10000p,200000b,80000s
</usr/share/texlive/texmf-dist/fonts/type1/public/amsfonts/cm/cmex10.pfb></us
r/share/texlive/texmf-dist/fonts/type1/public/amsfonts/cm/cmmi10.pfb></usr/shar
e/texlive/texmf-dist/fonts/type1/public/amsfonts/cm/cmmi12.pfb></usr/share/texl
ive/texmf-dist/fonts/type1/public/amsfonts/cm/cmmi6.pfb></usr/share/texlive/tex
mf-dist/fonts/type1/public/amsfonts/cm/cmmi8.pfb></usr/share/texlive/texmf-dist
/fonts/type1/public/amsfonts/cm/cmmi9.pfb></usr/share/texlive/texmf-dist/fonts/
type1/public/amsfonts/cm/cmss10.pfb></usr/share/texlive/texmf-dist/fonts/type1/
public/amsfonts/cm/cmss12.pfb></usr/share/texlive/texmf-dist/fonts/type1/public
/amsfonts/cm/cmss8.pfb></usr/share/texlive/texmf-dist/fonts/type1/public/amsfon
ts/cm/cmss9.pfb></usr/share/texlive/texmf-dist/fonts/type1/public/amsfonts/cm/c
mssi10.pfb></usr/share/texlive/texmf-dist/fonts/type1/public/amsfonts/cm/cmssi1
2.pfb></usr/share/texlive/texmf-dist/fonts/type1/public/amsfonts/cm/cmssi8.pfb>
</usr/share/texlive/texmf-dist/fonts/type1/public/amsfonts/cm/cmssi9.pfb></usr/
share/texlive/texmf-dist/fonts/type1/public/amsfonts/cm/cmsy10.pfb></usr/share/
texlive/texmf-dist/fonts/type1/public/amsfonts/cm/cmsy5.pfb></usr/share/texlive
/texmf-dist/fonts/type1/public/amsfonts/cm/cmsy6.pfb></usr/share/texlive/texmf-
dist/fonts/type1/public/amsfonts/cm/cmsy7.pfb></usr/share/texlive/texmf-dist/fo
nts/type1/public/amsfonts/cm/cmsy8.pfb></usr/share/texlive/texmf-dist/fonts/typ
e1/public/amsfonts/cm/cmsy9.pfb>
Output written on report.pdf (21 pages, 631092 bytes).
PDF statistics:
 996 PDF objects out of 1000 (max. 8388607)
 839 compressed objects within 9 object streams
 59 named destinations out of 1000 (max. 500000)
 267 words of extra memory for PDF output out of 10000 (max. 10000000)

